Jan 20 11:58:02 4
Jan 20 11:58:02 Apache process is Running
Jan 20 11:58:02 1
Jan 20 11:58:02 Mysql process is Running
Jan 20 11:58:02 0
Jan 20 11:58:02 Apache is Listening
Jan 20 11:58:02 Mysql is Listening
Jan 20 11:58:02 errorcount is: 0
Jan 20 11:58:02 Percent of memory used: 71.400
Jan 20 11:58:02 Disk space capacity: 27%.
Jan 20 11:59:01 4
Jan 20 11:59:01 Apache process is Running
Jan 20 11:59:01 1
Jan 20 11:59:01 Mysql process is Running
Jan 20 11:59:01 0
Jan 20 11:59:01 Apache is Listening
Jan 20 11:59:01 Mysql is Listening
Jan 20 11:59:01 errorcount is: 0
Jan 20 11:59:02 Percent of memory used: 71.700
Jan 20 11:59:02 Disk space capacity: 27%.
Jan 20 12:00:01 4
Jan 20 12:00:01 Apache process is Running
Jan 20 12:00:01 1
Jan 20 12:00:01 Mysql process is Running
Jan 20 12:00:01 0
Jan 20 12:00:01 Apache is Listening
Jan 20 12:00:01 Mysql is Listening
Jan 20 12:00:01 errorcount is: 0
Jan 20 12:00:02 Percent of memory used: 71.400
Jan 20 12:00:02 Disk space capacity: 27%.
Jan 20 12:01:01 4
Jan 20 12:01:01 Apache process is Running
Jan 20 12:01:01 1
Jan 20 12:01:01 Mysql process is Running
Jan 20 12:01:01 0
Jan 20 12:01:01 Apache is Listening
Jan 20 12:01:01 Mysql is Listening
Jan 20 12:01:01 errorcount is: 0
Jan 20 12:01:01 Percent of memory used: 71.500
Jan 20 12:01:01 Disk space capacity: 27%.
Jan 20 12:02:01 4
Jan 20 12:02:01 Apache process is Running
Jan 20 12:02:01 1
Jan 20 12:02:01 Mysql process is Running
Jan 20 12:02:01 0
Jan 20 12:02:01 Apache is Listening
Jan 20 12:02:01 Mysql is Listening
Jan 20 12:02:01 errorcount is: 0
Jan 20 12:02:02 Percent of memory used: 71.500
Jan 20 12:02:02 Disk space capacity: 27%.
Jan 20 12:03:01 4
Jan 20 12:03:01 Apache process is Running
Jan 20 12:03:01 1
Jan 20 12:03:01 Mysql process is Running
Jan 20 12:03:01 0
Jan 20 12:03:01 Apache is Listening
Jan 20 12:03:01 Mysql is Listening
Jan 20 12:03:01 errorcount is: 0
Jan 20 12:03:02 Percent of memory used: 71.700
Jan 20 12:03:02 Disk space capacity: 27%.
Jan 20 12:04:01 4
Jan 20 12:04:01 Apache process is Running
Jan 20 12:04:01 1
Jan 20 12:04:01 Mysql process is Running
Jan 20 12:04:01 0
Jan 20 12:04:01 Apache is Listening
Jan 20 12:04:01 Mysql is Listening
Jan 20 12:04:01 errorcount is: 0
Jan 20 12:04:01 Percent of memory used: 71.700
Jan 20 12:04:01 Disk space capacity: 27%.
Jan 20 12:05:01 4
Jan 20 12:05:01 Apache process is Running
Jan 20 12:05:01 1
Jan 20 12:05:01 Mysql process is Running
Jan 20 12:05:01 0
Jan 20 12:05:01 Apache is Listening
Jan 20 12:05:01 Mysql is Listening
Jan 20 12:05:01 errorcount is: 0
Jan 20 12:05:02 Percent of memory used: 71.700
Jan 20 12:05:02 Disk space capacity: 27%.
Jan 20 12:06:01 4
Jan 20 12:06:01 Apache process is Running
Jan 20 12:06:01 1
Jan 20 12:06:01 Mysql process is Running
Jan 20 12:06:01 0
Jan 20 12:06:01 Apache is Listening
Jan 20 12:06:01 Mysql is Listening
Jan 20 12:06:01 errorcount is: 0
Jan 20 12:06:02 Percent of memory used: 71.500
Jan 20 12:06:02 Disk space capacity: 27%.
Jan 20 12:07:01 4
Jan 20 12:07:01 Apache process is Running
Jan 20 12:07:01 1
Jan 20 12:07:01 Mysql process is Running
Jan 20 12:07:01 0
Jan 20 12:07:01 Apache is Listening
Jan 20 12:07:01 Mysql is Listening
Jan 20 12:07:01 errorcount is: 0
Jan 20 12:07:01 Percent of memory used: 71.600
Jan 20 12:07:01 Disk space capacity: 27%.
Jan 20 12:08:02 4
Jan 20 12:08:02 Apache process is Running
Jan 20 12:08:02 1
Jan 20 12:08:02 Mysql process is Running
Jan 20 12:08:02 0
Jan 20 12:08:02 Apache is Listening
Jan 20 12:08:02 Mysql is Listening
Jan 20 12:08:02 errorcount is: 0
Jan 20 12:08:02 Percent of memory used: 71.500
Jan 20 12:08:02 Disk space capacity: 27%.
Jan 20 12:09:01 4
Jan 20 12:09:01 Apache process is Running
Jan 20 12:09:01 1
Jan 20 12:09:01 Mysql process is Running
Jan 20 12:09:01 0
Jan 20 12:09:01 Apache is Listening
Jan 20 12:09:01 Mysql is Listening
Jan 20 12:09:01 errorcount is: 0
Jan 20 12:09:02 Percent of memory used: 75.900
Jan 20 12:09:02 Disk space capacity: 27%.
Jan 20 12:10:01 4
Jan 20 12:10:01 Apache process is Running
Jan 20 12:10:01 1
Jan 20 12:10:01 Mysql process is Running
Jan 20 12:10:01 0
Jan 20 12:10:01 Apache is Listening
Jan 20 12:10:01 Mysql is Listening
Jan 20 12:10:01 errorcount is: 0
Jan 20 12:10:01 Percent of memory used: 76.100
Jan 20 12:10:01 Disk space capacity: 27%.
Jan 20 12:11:02 Apache process is not Running
Jan 20 12:11:02 1
Jan 20 12:11:02 Mysql process is Running
Jan 20 12:11:02 1
Jan 20 12:11:02 There is a problem with Apache or Mysql
Jan 20 12:11:02 Apache is not Listening
Jan 20 12:11:02 Mysql is Listening
Jan 20 12:11:02 errorcount is: 1
Jan 20 12:11:02 The ports are not listening
Jan 20 12:11:02 Percent of memory used: 75.400
Jan 20 12:11:02 Disk space capacity: 27%.
Jan 20 12:12:01 Apache process is not Running
Jan 20 12:12:01 1
Jan 20 12:12:01 Mysql process is Running
Jan 20 12:12:01 1
Jan 20 12:12:01 There is a problem with Apache or Mysql
Jan 20 12:12:01 Apache is not Listening
Jan 20 12:12:01 Mysql is Listening
Jan 20 12:12:01 errorcount is: 1
Jan 20 12:12:01 The ports are not listening
Jan 20 12:12:02 Percent of memory used: 75.500
Jan 20 12:12:02 Disk space capacity: 27%.
Jan 20 12:13:01 4
Jan 20 12:13:01 Apache process is Running
Jan 20 12:13:01 1
Jan 20 12:13:01 Mysql process is Running
Jan 20 12:13:01 0
Jan 20 12:13:01 Apache is Listening
Jan 20 12:13:01 Mysql is Listening
Jan 20 12:13:01 errorcount is: 0
Jan 20 12:13:01 Percent of memory used: 76.500
Jan 20 12:13:01 Disk space capacity: 27%.
Jan 20 12:14:02 4
Jan 20 12:14:02 Apache process is Running
Jan 20 12:14:02 1
Jan 20 12:14:02 Mysql process is Running
Jan 20 12:14:02 0
Jan 20 12:14:02 Apache is Listening
Jan 20 12:14:02 Mysql is Listening
Jan 20 12:14:02 errorcount is: 0
Jan 20 12:14:02 Percent of memory used: 76.800
Jan 20 12:14:02 Disk space capacity: 27%.
Jan 20 12:15:01 4
Jan 20 12:15:01 Apache process is Running
Jan 20 12:15:01 1
Jan 20 12:15:01 Mysql process is Running
Jan 20 12:15:01 0
Jan 20 12:15:01 Apache is Listening
Jan 20 12:15:01 Mysql is Listening
Jan 20 12:15:01 errorcount is: 0
Jan 20 12:15:02 Percent of memory used: 76.500
Jan 20 12:15:02 Disk space capacity: 27%.
Jan 20 12:17:01 4
Jan 20 12:17:01 Apache process is Running
Jan 20 12:17:01 1
Jan 20 12:17:01 Mysql process is Running
Jan 20 12:17:01 0
Jan 20 12:17:01 Apache is Listening
Jan 20 12:17:01 Mysql is Listening
Jan 20 12:17:01 errorcount is: 0
Jan 20 12:17:01 Percent of memory used: 76.800
Jan 20 12:17:01 Disk space capacity: 27%.
Jan 20 12:18:02 4
Jan 20 12:18:02 Apache process is Running
Jan 20 12:18:02 1
Jan 20 12:18:02 Mysql process is Running
Jan 20 12:18:02 0
Jan 20 12:18:02 Apache is Listening
Jan 20 12:18:02 Mysql is Listening
Jan 20 12:18:02 errorcount is: 0
Jan 20 12:18:02 Percent of memory used: 76.800
Jan 20 12:18:02 Disk space capacity: 27%.
Jan 20 12:19:01 4
Jan 20 12:19:01 Apache process is Running
Jan 20 12:19:01 1
Jan 20 12:19:01 Mysql process is Running
Jan 20 12:19:01 0
Jan 20 12:19:01 Apache is Listening
Jan 20 12:19:01 Mysql is Listening
Jan 20 12:19:01 errorcount is: 0
Jan 20 12:19:02 Percent of memory used: 76.700
Jan 20 12:19:02 Disk space capacity: 27%.
Jan 20 12:20:01 4
Jan 20 12:20:01 Apache process is Running
Jan 20 12:20:01 1
Jan 20 12:20:01 Mysql process is Running
Jan 20 12:20:01 0
Jan 20 12:20:01 Apache is Listening
Jan 20 12:20:01 Mysql is Listening
Jan 20 12:20:01 errorcount is: 0
Jan 20 12:20:01 Percent of memory used: 76.800
Jan 20 12:20:01 Disk space capacity: 27%.
Jan 20 12:21:02 4
Jan 20 12:21:02 Apache process is Running
Jan 20 12:21:02 1
Jan 20 12:21:02 Mysql process is Running
Jan 20 12:21:02 0
Jan 20 12:21:02 Apache is Listening
Jan 20 12:21:02 Mysql is Listening
Jan 20 12:21:02 errorcount is: 0
Jan 20 12:21:02 Percent of memory used: 76.800
Jan 20 12:21:02 Disk space capacity: 27%.
Jan 20 12:22:01 4
Jan 20 12:22:01 Apache process is Running
Jan 20 12:22:01 1
Jan 20 12:22:01 Mysql process is Running
Jan 20 12:22:01 0
Jan 20 12:22:01 Apache is Listening
Jan 20 12:22:01 Mysql is Listening
Jan 20 12:22:01 errorcount is: 0
Jan 20 12:22:02 Percent of memory used: 76.700
Jan 20 12:22:02 Disk space capacity: 27%.
Jan 20 12:23:01 4
Jan 20 12:23:01 Apache process is Running
Jan 20 12:23:01 1
Jan 20 12:23:01 Mysql process is Running
Jan 20 12:23:01 0
Jan 20 12:23:01 Apache is Listening
Jan 20 12:23:01 Mysql is Listening
Jan 20 12:23:01 errorcount is: 0
Jan 20 12:23:01 Percent of memory used: 76.800
Jan 20 12:23:01 Disk space capacity: 27%.
Jan 20 12:24:02 4
Jan 20 12:24:02 Apache process is Running
Jan 20 12:24:02 1
Jan 20 12:24:02 Mysql process is Running
Jan 20 12:24:02 0
Jan 20 12:24:02 Apache is Listening
Jan 20 12:24:02 Mysql is Listening
Jan 20 12:24:02 errorcount is: 0
Jan 20 12:24:02 Percent of memory used: 76.800
Jan 20 12:24:02 Disk space capacity: 27%.
Jan 20 12:25:01 4
Jan 20 12:25:01 Apache process is Running
Jan 20 12:25:01 1
Jan 20 12:25:01 Mysql process is Running
Jan 20 12:25:01 0
Jan 20 12:25:01 Apache is Listening
Jan 20 12:25:01 Mysql is Listening
Jan 20 12:25:01 errorcount is: 0
Jan 20 12:25:02 Percent of memory used: 76.800
Jan 20 12:25:02 Disk space capacity: 27%.
Jan 20 12:26:01 4
Jan 20 12:26:01 Apache process is Running
Jan 20 12:26:01 1
Jan 20 12:26:01 Mysql process is Running
Jan 20 12:26:01 0
Jan 20 12:26:01 Apache is Listening
Jan 20 12:26:01 Mysql is Listening
Jan 20 12:26:01 errorcount is: 0
Jan 20 12:26:02 Percent of memory used: 76.700
Jan 20 12:26:02 Disk space capacity: 27%.
Jan 20 12:27:01 4
Jan 20 12:27:01 Apache process is Running
Jan 20 12:27:01 1
Jan 20 12:27:01 Mysql process is Running
Jan 20 12:27:01 0
Jan 20 12:27:01 Apache is Listening
Jan 20 12:27:01 Mysql is Listening
Jan 20 12:27:01 errorcount is: 0
Jan 20 12:27:01 Percent of memory used: 76.800
Jan 20 12:27:01 Disk space capacity: 27%.
Jan 20 12:28:01 4
Jan 20 12:28:01 Apache process is Running
Jan 20 12:28:01 1
Jan 20 12:28:01 Mysql process is Running
Jan 20 12:28:01 0
Jan 20 12:28:01 Apache is Listening
Jan 20 12:28:01 Mysql is Listening
Jan 20 12:28:01 errorcount is: 0
Jan 20 12:28:02 Percent of memory used: 76.700
Jan 20 12:28:02 Disk space capacity: 27%.
Jan 20 12:29:01 4
Jan 20 12:29:01 Apache process is Running
Jan 20 12:29:01 1
Jan 20 12:29:01 Mysql process is Running
Jan 20 12:29:01 0
Jan 20 12:29:01 Apache is Listening
Jan 20 12:29:01 Mysql is Listening
Jan 20 12:29:01 errorcount is: 0
Jan 20 12:29:02 Percent of memory used: 76.800
Jan 20 12:29:02 Disk space capacity: 27%.
Jan 20 12:30:01 4
Jan 20 12:30:01 Apache process is Running
Jan 20 12:30:01 1
Jan 20 12:30:01 Mysql process is Running
Jan 20 12:30:01 0
Jan 20 12:30:01 Apache is Listening
Jan 20 12:30:01 Mysql is Listening
Jan 20 12:30:01 errorcount is: 0
Jan 20 12:30:01 Percent of memory used: 76.800
Jan 20 12:30:01 Disk space capacity: 27%.
Jan 20 12:31:01 4
Jan 20 12:31:01 Apache process is Running
Jan 20 12:31:01 1
Jan 20 12:31:01 Mysql process is Running
Jan 20 12:31:01 0
Jan 20 12:31:01 Apache is Listening
Jan 20 12:31:01 Mysql is Listening
Jan 20 12:31:01 errorcount is: 0
Jan 20 12:31:02 Percent of memory used: 76.900
Jan 20 12:31:02 Disk space capacity: 27%.
Jan 20 12:32:01 4
Jan 20 12:32:01 Apache process is Running
Jan 20 12:32:01 1
Jan 20 12:32:01 Mysql process is Running
Jan 20 12:32:01 0
Jan 20 12:32:01 Apache is Listening
Jan 20 12:32:01 Mysql is Listening
Jan 20 12:32:01 errorcount is: 0
Jan 20 12:32:02 Percent of memory used: 76.800
Jan 20 12:32:02 Disk space capacity: 27%.
Jan 20 12:33:01 4
Jan 20 12:33:01 Apache process is Running
Jan 20 12:33:01 1
Jan 20 12:33:01 Mysql process is Running
Jan 20 12:33:01 0
Jan 20 12:33:01 Apache is Listening
Jan 20 12:33:01 Mysql is Listening
Jan 20 12:33:01 errorcount is: 0
Jan 20 12:33:01 Percent of memory used: 76.700
Jan 20 12:33:01 Disk space capacity: 27%.
Jan 20 12:34:02 4
Jan 20 12:34:02 Apache process is Running
Jan 20 12:34:02 1
Jan 20 12:34:02 Mysql process is Running
Jan 20 12:34:02 0
Jan 20 12:34:02 Apache is Listening
Jan 20 12:34:02 Mysql is Listening
Jan 20 12:34:02 errorcount is: 0
Jan 20 12:34:02 Percent of memory used: 76.800
Jan 20 12:34:02 Disk space capacity: 27%.
Jan 20 12:35:01 4
Jan 20 12:35:01 Apache process is Running
Jan 20 12:35:01 1
Jan 20 12:35:01 Mysql process is Running
Jan 20 12:35:01 0
Jan 20 12:35:01 Apache is Listening
Jan 20 12:35:01 Mysql is Listening
Jan 20 12:35:01 errorcount is: 0
Jan 20 12:35:02 Percent of memory used: 76.800
Jan 20 12:35:02 Disk space capacity: 27%.
Jan 20 12:36:01 4
Jan 20 12:36:01 Apache process is Running
Jan 20 12:36:01 1
Jan 20 12:36:01 Mysql process is Running
Jan 20 12:36:01 0
Jan 20 12:36:01 Apache is Listening
Jan 20 12:36:01 Mysql is Listening
Jan 20 12:36:01 errorcount is: 0
Jan 20 12:36:01 Percent of memory used: 76.900
Jan 20 12:36:01 Disk space capacity: 27%.
Jan 20 12:37:02 4
Jan 20 12:37:02 Apache process is Running
Jan 20 12:37:02 1
Jan 20 12:37:02 Mysql process is Running
Jan 20 12:37:02 0
Jan 20 12:37:02 Apache is Listening
Jan 20 12:37:02 Mysql is Listening
Jan 20 12:37:02 errorcount is: 0
Jan 20 12:37:02 Percent of memory used: 76.900
Jan 20 12:37:02 Disk space capacity: 27%.
Jan 20 12:38:01 4
Jan 20 12:38:01 Apache process is Running
Jan 20 12:38:01 1
Jan 20 12:38:01 Mysql process is Running
Jan 20 12:38:01 0
Jan 20 12:38:01 Apache is Listening
Jan 20 12:38:01 Mysql is Listening
Jan 20 12:38:01 errorcount is: 0
Jan 20 12:38:02 Percent of memory used: 76.900
Jan 20 12:38:02 Disk space capacity: 27%.
Jan 20 12:39:01 4
Jan 20 12:39:01 Apache process is Running
Jan 20 12:39:01 1
Jan 20 12:39:01 Mysql process is Running
Jan 20 12:39:01 0
Jan 20 12:39:01 Apache is Listening
Jan 20 12:39:01 Mysql is Listening
Jan 20 12:39:01 errorcount is: 0
Jan 20 12:39:02 Percent of memory used: 76.700
Jan 20 12:39:02 Disk space capacity: 27%.
Jan 20 12:40:01 4
Jan 20 12:40:01 Apache process is Running
Jan 20 12:40:01 1
Jan 20 12:40:01 Mysql process is Running
Jan 20 12:40:01 0
Jan 20 12:40:01 Apache is Listening
Jan 20 12:40:01 Mysql is Listening
Jan 20 12:40:01 errorcount is: 0
Jan 20 12:40:01 Percent of memory used: 76.900
Jan 20 12:40:01 Disk space capacity: 27%.
Jan 20 12:41:01 4
Jan 20 12:41:01 Apache process is Running
Jan 20 12:41:01 1
Jan 20 12:41:01 Mysql process is Running
Jan 20 12:41:01 0
Jan 20 12:41:01 Apache is Listening
Jan 20 12:41:01 Mysql is Listening
Jan 20 12:41:01 errorcount is: 0
Jan 20 12:41:02 Percent of memory used: 76.900
Jan 20 12:41:02 Disk space capacity: 27%.
Jan 20 12:42:01 4
Jan 20 12:42:01 Apache process is Running
Jan 20 12:42:01 1
Jan 20 12:42:01 Mysql process is Running
Jan 20 12:42:01 0
Jan 20 12:42:01 Apache is Listening
Jan 20 12:42:01 Mysql is Listening
Jan 20 12:42:01 errorcount is: 0
Jan 20 12:42:02 Percent of memory used: 76.700
Jan 20 12:42:02 Disk space capacity: 27%.
Jan 20 12:43:01 4
Jan 20 12:43:01 Apache process is Running
Jan 20 12:43:01 1
Jan 20 12:43:01 Mysql process is Running
Jan 20 12:43:01 0
Jan 20 12:43:01 Apache is Listening
Jan 20 12:43:01 Mysql is Listening
Jan 20 12:43:01 errorcount is: 0
Jan 20 12:43:01 Percent of memory used: 76.900
Jan 20 12:43:01 Disk space capacity: 27%.
Jan 20 12:44:01 4
Jan 20 12:44:01 Apache process is Running
Jan 20 12:44:01 1
Jan 20 12:44:01 Mysql process is Running
Jan 20 12:44:01 0
Jan 20 12:44:01 Apache is Listening
Jan 20 12:44:01 Mysql is Listening
Jan 20 12:44:01 errorcount is: 0
Jan 20 12:44:02 Percent of memory used: 76.800
Jan 20 12:44:02 Disk space capacity: 27%.
Jan 20 12:45:01 4
Jan 20 12:45:01 Apache process is Running
Jan 20 12:45:01 1
Jan 20 12:45:01 Mysql process is Running
Jan 20 12:45:01 0
Jan 20 12:45:01 Apache is Listening
Jan 20 12:45:01 Mysql is Listening
Jan 20 12:45:01 errorcount is: 0
Jan 20 12:45:02 Percent of memory used: 76.900
Jan 20 12:45:02 Disk space capacity: 27%.
Jan 20 12:46:01 4
Jan 20 12:46:01 Apache process is Running
Jan 20 12:46:01 1
Jan 20 12:46:01 Mysql process is Running
Jan 20 12:46:01 0
Jan 20 12:46:01 Apache is Listening
Jan 20 12:46:01 Mysql is Listening
Jan 20 12:46:01 errorcount is: 0
Jan 20 12:46:01 Percent of memory used: 76.900
Jan 20 12:46:01 Disk space capacity: 27%.
Jan 20 12:47:02 4
Jan 20 12:47:02 Apache process is Running
Jan 20 12:47:02 1
Jan 20 12:47:02 Mysql process is Running
Jan 20 12:47:02 0
Jan 20 12:47:02 Apache is Listening
Jan 20 12:47:02 Mysql is Listening
Jan 20 12:47:02 errorcount is: 0
Jan 20 12:47:02 Percent of memory used: 77.000
Jan 20 12:47:02 Disk space capacity: 27%.
Jan 20 12:48:01 4
Jan 20 12:48:01 Apache process is Running
Jan 20 12:48:01 1
Jan 20 12:48:01 Mysql process is Running
Jan 20 12:48:01 0
Jan 20 12:48:01 Apache is Listening
Jan 20 12:48:01 Mysql is Listening
Jan 20 12:48:01 errorcount is: 0
Jan 20 12:48:02 Percent of memory used: 76.800
Jan 20 12:48:02 Disk space capacity: 27%.
Jan 20 12:49:01 4
Jan 20 12:49:01 Apache process is Running
Jan 20 12:49:01 1
Jan 20 12:49:01 Mysql process is Running
Jan 20 12:49:01 0
Jan 20 12:49:01 Apache is Listening
Jan 20 12:49:01 Mysql is Listening
Jan 20 12:49:01 errorcount is: 0
Jan 20 12:49:01 Percent of memory used: 76.800
Jan 20 12:49:01 Disk space capacity: 27%.
Jan 20 12:50:02 4
Jan 20 12:50:02 Apache process is Running
Jan 20 12:50:02 1
Jan 20 12:50:02 Mysql process is Running
Jan 20 12:50:02 0
Jan 20 12:50:02 Apache is Listening
Jan 20 12:50:02 Mysql is Listening
Jan 20 12:50:02 errorcount is: 0
Jan 20 12:50:02 Percent of memory used: 77.000
Jan 20 12:50:02 Disk space capacity: 27%.
Jan 20 12:51:01 4
Jan 20 12:51:01 Apache process is Running
Jan 20 12:51:01 1
Jan 20 12:51:01 Mysql process is Running
Jan 20 12:51:01 0
Jan 20 12:51:01 Apache is Listening
Jan 20 12:51:01 Mysql is Listening
Jan 20 12:51:01 errorcount is: 0
Jan 20 12:51:02 Percent of memory used: 76.800
Jan 20 12:51:02 Disk space capacity: 27%.
Jan 20 12:52:01 4
Jan 20 12:52:01 Apache process is Running
Jan 20 12:52:01 1
Jan 20 12:52:01 Mysql process is Running
Jan 20 12:52:01 0
Jan 20 12:52:01 Apache is Listening
Jan 20 12:52:01 Mysql is Listening
Jan 20 12:52:01 errorcount is: 0
Jan 20 12:52:02 Percent of memory used: 77.000
Jan 20 12:52:02 Disk space capacity: 27%.
Jan 20 12:53:01 4
Jan 20 12:53:01 Apache process is Running
Jan 20 12:53:01 1
Jan 20 12:53:01 Mysql process is Running
Jan 20 12:53:01 0
Jan 20 12:53:01 Apache is Listening
Jan 20 12:53:01 Mysql is Listening
Jan 20 12:53:01 errorcount is: 0
Jan 20 12:53:01 Percent of memory used: 76.800
Jan 20 12:53:01 Disk space capacity: 27%.
Jan 20 12:54:01 4
Jan 20 12:54:01 Apache process is Running
Jan 20 12:54:01 1
Jan 20 12:54:01 Mysql process is Running
Jan 20 12:54:01 0
Jan 20 12:54:01 Apache is Listening
Jan 20 12:54:01 Mysql is Listening
Jan 20 12:54:01 errorcount is: 0
Jan 20 12:54:02 Percent of memory used: 77.000
Jan 20 12:54:02 Disk space capacity: 27%.
Jan 20 12:55:01 4
Jan 20 12:55:01 Apache process is Running
Jan 20 12:55:01 1
Jan 20 12:55:01 Mysql process is Running
Jan 20 12:55:01 0
Jan 20 12:55:01 Apache is Listening
Jan 20 12:55:01 Mysql is Listening
Jan 20 12:55:01 errorcount is: 0
Jan 20 12:55:02 Percent of memory used: 77.000
Jan 20 12:55:02 Disk space capacity: 27%.
Jan 20 12:56:01 4
Jan 20 12:56:01 Apache process is Running
Jan 20 12:56:01 1
Jan 20 12:56:01 Mysql process is Running
Jan 20 12:56:01 0
Jan 20 12:56:01 Apache is Listening
Jan 20 12:56:01 Mysql is Listening
Jan 20 12:56:01 errorcount is: 0
Jan 20 12:56:01 Percent of memory used: 77.000
Jan 20 12:56:01 Disk space capacity: 27%.
Jan 20 12:57:01 4
Jan 20 12:57:01 Apache process is Running
Jan 20 12:57:01 1
Jan 20 12:57:01 Mysql process is Running
Jan 20 12:57:01 0
Jan 20 12:57:01 Apache is Listening
Jan 20 12:57:01 Mysql is Listening
Jan 20 12:57:01 errorcount is: 0
Jan 20 12:57:02 Percent of memory used: 76.800
Jan 20 12:57:02 Disk space capacity: 27%.
Jan 20 12:58:01 4
Jan 20 12:58:01 Apache process is Running
Jan 20 12:58:01 1
Jan 20 12:58:01 Mysql process is Running
Jan 20 12:58:01 0
Jan 20 12:58:01 Apache is Listening
Jan 20 12:58:01 Mysql is Listening
Jan 20 12:58:01 errorcount is: 0
Jan 20 12:58:02 Percent of memory used: 76.800
Jan 20 12:58:02 Disk space capacity: 27%.
Jan 20 12:59:01 4
Jan 20 12:59:01 Apache process is Running
Jan 20 12:59:01 1
Jan 20 12:59:01 Mysql process is Running
Jan 20 12:59:01 0
Jan 20 12:59:01 Apache is Listening
Jan 20 12:59:01 Mysql is Listening
Jan 20 12:59:01 errorcount is: 0
Jan 20 12:59:01 Percent of memory used: 76.900
Jan 20 12:59:01 Disk space capacity: 27%.
Jan 20 13:00:02 4
Jan 20 13:00:02 Apache process is Running
Jan 20 13:00:02 1
Jan 20 13:00:02 Mysql process is Running
Jan 20 13:00:02 0
Jan 20 13:00:02 Apache is Listening
Jan 20 13:00:02 Mysql is Listening
Jan 20 13:00:02 errorcount is: 0
Jan 20 13:00:02 Percent of memory used: 76.800
Jan 20 13:00:02 Disk space capacity: 27%.
Jan 20 13:01:01 4
Jan 20 13:01:01 Apache process is Running
Jan 20 13:01:01 1
Jan 20 13:01:01 Mysql process is Running
Jan 20 13:01:01 0
Jan 20 13:01:01 Apache is Listening
Jan 20 13:01:01 Mysql is Listening
Jan 20 13:01:01 errorcount is: 0
Jan 20 13:01:02 Percent of memory used: 76.800
Jan 20 13:01:02 Disk space capacity: 27%.
Jan 20 13:02:01 4
Jan 20 13:02:01 Apache process is Running
Jan 20 13:02:01 1
Jan 20 13:02:01 Mysql process is Running
Jan 20 13:02:01 0
Jan 20 13:02:01 Apache is Listening
Jan 20 13:02:01 Mysql is Listening
Jan 20 13:02:01 errorcount is: 0
Jan 20 13:02:01 Percent of memory used: 77.000
Jan 20 13:02:01 Disk space capacity: 27%.
Jan 20 13:03:02 4
Jan 20 13:03:02 Apache process is Running
Jan 20 13:03:02 1
Jan 20 13:03:02 Mysql process is Running
Jan 20 13:03:02 0
Jan 20 13:03:02 Apache is Listening
Jan 20 13:03:02 Mysql is Listening
Jan 20 13:03:02 errorcount is: 0
Jan 20 13:03:02 Percent of memory used: 76.900
Jan 20 13:03:02 Disk space capacity: 27%.
Jan 20 13:04:01 4
Jan 20 13:04:01 Apache process is Running
Jan 20 13:04:01 1
Jan 20 13:04:01 Mysql process is Running
Jan 20 13:04:01 0
Jan 20 13:04:01 Apache is Listening
Jan 20 13:04:01 Mysql is Listening
Jan 20 13:04:01 errorcount is: 0
Jan 20 13:04:02 Percent of memory used: 76.900
Jan 20 13:04:02 Disk space capacity: 27%.
Jan 20 13:05:01 4
Jan 20 13:05:01 Apache process is Running
Jan 20 13:05:01 1
Jan 20 13:05:01 Mysql process is Running
Jan 20 13:05:01 0
Jan 20 13:05:01 Apache is Listening
Jan 20 13:05:01 Mysql is Listening
Jan 20 13:05:01 errorcount is: 0
Jan 20 13:05:02 Percent of memory used: 76.800
Jan 20 13:05:02 Disk space capacity: 27%.
Jan 20 13:06:01 4
Jan 20 13:06:01 Apache process is Running
Jan 20 13:06:01 1
Jan 20 13:06:01 Mysql process is Running
Jan 20 13:06:01 0
Jan 20 13:06:01 Apache is Listening
Jan 20 13:06:01 Mysql is Listening
Jan 20 13:06:01 errorcount is: 0
Jan 20 13:06:01 Percent of memory used: 76.900
Jan 20 13:06:01 Disk space capacity: 27%.
Jan 20 13:07:01 4
Jan 20 13:07:01 Apache process is Running
Jan 20 13:07:01 1
Jan 20 13:07:01 Mysql process is Running
Jan 20 13:07:01 0
Jan 20 13:07:01 Apache is Listening
Jan 20 13:07:01 Mysql is Listening
Jan 20 13:07:01 errorcount is: 0
Jan 20 13:07:02 Percent of memory used: 77.000
Jan 20 13:07:02 Disk space capacity: 27%.
Jan 20 13:08:01 4
Jan 20 13:08:01 Apache process is Running
Jan 20 13:08:01 1
Jan 20 13:08:01 Mysql process is Running
Jan 20 13:08:01 0
Jan 20 13:08:01 Apache is Listening
Jan 20 13:08:01 Mysql is Listening
Jan 20 13:08:01 errorcount is: 0
Jan 20 13:08:02 Percent of memory used: 76.800
Jan 20 13:08:02 Disk space capacity: 27%.
Jan 20 13:09:01 4
Jan 20 13:09:01 Apache process is Running
Jan 20 13:09:01 1
Jan 20 13:09:01 Mysql process is Running
Jan 20 13:09:01 0
Jan 20 13:09:01 Apache is Listening
Jan 20 13:09:01 Mysql is Listening
Jan 20 13:09:01 errorcount is: 0
Jan 20 13:09:01 Percent of memory used: 77.000
Jan 20 13:09:01 Disk space capacity: 27%.
Jan 20 13:10:02 4
Jan 20 13:10:02 Apache process is Running
Jan 20 13:10:02 1
Jan 20 13:10:02 Mysql process is Running
Jan 20 13:10:02 0
Jan 20 13:10:02 Apache is Listening
Jan 20 13:10:02 Mysql is Listening
Jan 20 13:10:02 errorcount is: 0
Jan 20 13:10:02 Percent of memory used: 77.000
Jan 20 13:10:02 Disk space capacity: 27%.
Jan 20 13:11:01 4
Jan 20 13:11:01 Apache process is Running
Jan 20 13:11:01 1
Jan 20 13:11:01 Mysql process is Running
Jan 20 13:11:01 0
Jan 20 13:11:01 Apache is Listening
Jan 20 13:11:01 Mysql is Listening
Jan 20 13:11:01 errorcount is: 0
Jan 20 13:11:02 Percent of memory used: 77.000
Jan 20 13:11:02 Disk space capacity: 27%.
Jan 20 13:12:01 4
Jan 20 13:12:01 Apache process is Running
Jan 20 13:12:01 1
Jan 20 13:12:01 Mysql process is Running
Jan 20 13:12:01 0
Jan 20 13:12:01 Apache is Listening
Jan 20 13:12:01 Mysql is Listening
Jan 20 13:12:01 errorcount is: 0
Jan 20 13:12:01 Percent of memory used: 77.000
Jan 20 13:12:01 Disk space capacity: 27%.
Jan 20 13:13:02 4
Jan 20 13:13:02 Apache process is Running
Jan 20 13:13:02 1
Jan 20 13:13:02 Mysql process is Running
Jan 20 13:13:02 0
Jan 20 13:13:02 Apache is Listening
Jan 20 13:13:02 Mysql is Listening
Jan 20 13:13:02 errorcount is: 0
Jan 20 13:13:02 Percent of memory used: 76.900
Jan 20 13:13:02 Disk space capacity: 27%.
Jan 20 13:14:01 4
Jan 20 13:14:01 Apache process is Running
Jan 20 13:14:01 1
Jan 20 13:14:01 Mysql process is Running
Jan 20 13:14:01 0
Jan 20 13:14:01 Apache is Listening
Jan 20 13:14:01 Mysql is Listening
Jan 20 13:14:01 errorcount is: 0
Jan 20 13:14:02 Percent of memory used: 77.000
Jan 20 13:14:02 Disk space capacity: 27%.
Jan 20 13:15:01 4
Jan 20 13:15:01 Apache process is Running
Jan 20 13:15:01 1
Jan 20 13:15:01 Mysql process is Running
Jan 20 13:15:01 0
Jan 20 13:15:01 Apache is Listening
Jan 20 13:15:01 Mysql is Listening
Jan 20 13:15:01 errorcount is: 0
Jan 20 13:15:02 Percent of memory used: 76.900
Jan 20 13:15:02 Disk space capacity: 27%.
Jan 20 13:16:01 4
Jan 20 13:16:01 Apache process is Running
Jan 20 13:16:01 1
Jan 20 13:16:01 Mysql process is Running
Jan 20 13:16:01 0
Jan 20 13:16:01 Apache is Listening
Jan 20 13:16:01 Mysql is Listening
Jan 20 13:16:01 errorcount is: 0
Jan 20 13:16:01 Percent of memory used: 76.900
Jan 20 13:16:01 Disk space capacity: 27%.
Jan 20 13:17:02 4
Jan 20 13:17:02 Apache process is Running
Jan 20 13:17:02 1
Jan 20 13:17:02 Mysql process is Running
Jan 20 13:17:02 0
Jan 20 13:17:02 Apache is Listening
Jan 20 13:17:02 Mysql is Listening
Jan 20 13:17:02 errorcount is: 0
Jan 20 13:17:02 Percent of memory used: 76.900
Jan 20 13:17:02 Disk space capacity: 27%.
Jan 20 13:18:01 4
Jan 20 13:18:01 Apache process is Running
Jan 20 13:18:01 1
Jan 20 13:18:01 Mysql process is Running
Jan 20 13:18:01 0
Jan 20 13:18:01 Apache is Listening
Jan 20 13:18:01 Mysql is Listening
Jan 20 13:18:01 errorcount is: 0
Jan 20 13:18:02 Percent of memory used: 77.000
Jan 20 13:18:02 Disk space capacity: 27%.
Jan 20 13:19:01 4
Jan 20 13:19:01 Apache process is Running
Jan 20 13:19:01 1
Jan 20 13:19:01 Mysql process is Running
Jan 20 13:19:01 0
Jan 20 13:19:01 Apache is Listening
Jan 20 13:19:01 Mysql is Listening
Jan 20 13:19:01 errorcount is: 0
Jan 20 13:19:02 Percent of memory used: 77.000
Jan 20 13:19:02 Disk space capacity: 27%.
Jan 20 13:20:01 4
Jan 20 13:20:01 Apache process is Running
Jan 20 13:20:01 1
Jan 20 13:20:01 Mysql process is Running
Jan 20 13:20:01 0
Jan 20 13:20:01 Apache is Listening
Jan 20 13:20:01 Mysql is Listening
Jan 20 13:20:01 errorcount is: 0
Jan 20 13:20:01 Percent of memory used: 77.000
Jan 20 13:20:01 Disk space capacity: 27%.
Jan 20 13:21:02 4
Jan 20 13:21:02 Apache process is Running
Jan 20 13:21:02 1
Jan 20 13:21:02 Mysql process is Running
Jan 20 13:21:02 0
Jan 20 13:21:02 Apache is Listening
Jan 20 13:21:02 Mysql is Listening
Jan 20 13:21:02 errorcount is: 0
Jan 20 13:21:02 Percent of memory used: 76.900
Jan 20 13:21:02 Disk space capacity: 27%.
Jan 20 13:22:01 4
Jan 20 13:22:01 Apache process is Running
Jan 20 13:22:01 1
Jan 20 13:22:01 Mysql process is Running
Jan 20 13:22:01 0
Jan 20 13:22:01 Apache is Listening
Jan 20 13:22:01 Mysql is Listening
Jan 20 13:22:01 errorcount is: 0
Jan 20 13:22:02 Percent of memory used: 76.900
Jan 20 13:22:02 Disk space capacity: 27%.
Jan 20 13:23:01 4
Jan 20 13:23:01 Apache process is Running
Jan 20 13:23:01 1
Jan 20 13:23:01 Mysql process is Running
Jan 20 13:23:01 0
Jan 20 13:23:01 Apache is Listening
Jan 20 13:23:01 Mysql is Listening
Jan 20 13:23:01 errorcount is: 0
Jan 20 13:23:02 Percent of memory used: 77.000
Jan 20 13:23:02 Disk space capacity: 27%.
Jan 20 13:24:01 4
Jan 20 13:24:01 Apache process is Running
Jan 20 13:24:01 1
Jan 20 13:24:01 Mysql process is Running
Jan 20 13:24:01 0
Jan 20 13:24:01 Apache is Listening
Jan 20 13:24:01 Mysql is Listening
Jan 20 13:24:01 errorcount is: 0
Jan 20 13:24:01 Percent of memory used: 77.000
Jan 20 13:24:01 Disk space capacity: 27%.
Jan 20 13:25:01 4
Jan 20 13:25:01 Apache process is Running
Jan 20 13:25:01 1
Jan 20 13:25:01 Mysql process is Running
Jan 20 13:25:01 0
Jan 20 13:25:01 Apache is Listening
Jan 20 13:25:01 Mysql is Listening
Jan 20 13:25:01 errorcount is: 0
Jan 20 13:25:02 Percent of memory used: 77.000
Jan 20 13:25:02 Disk space capacity: 27%.
Jan 20 13:26:01 4
Jan 20 13:26:01 Apache process is Running
Jan 20 13:26:01 1
Jan 20 13:26:01 Mysql process is Running
Jan 20 13:26:01 0
Jan 20 13:26:01 Apache is Listening
Jan 20 13:26:01 Mysql is Listening
Jan 20 13:26:01 errorcount is: 0
Jan 20 13:26:02 Percent of memory used: 75.800
Jan 20 13:26:02 Disk space capacity: 27%.
Jan 20 13:27:01 4
Jan 20 13:27:01 Apache process is Running
Jan 20 13:27:01 1
Jan 20 13:27:01 Mysql process is Running
Jan 20 13:27:01 0
Jan 20 13:27:01 Apache is Listening
Jan 20 13:27:01 Mysql is Listening
Jan 20 13:27:01 errorcount is: 0
Jan 20 13:27:01 Percent of memory used: 75.800
Jan 20 13:27:01 Disk space capacity: 27%.
Jan 20 13:28:01 4
Jan 20 13:28:01 Apache process is Running
Jan 20 13:28:01 1
Jan 20 13:28:01 Mysql process is Running
Jan 20 13:28:01 0
Jan 20 13:28:01 Apache is Listening
Jan 20 13:28:01 Mysql is Listening
Jan 20 13:28:01 errorcount is: 0
Jan 20 13:28:02 Percent of memory used: 75.800
Jan 20 13:28:02 Disk space capacity: 27%.
Jan 20 13:29:01 4
Jan 20 13:29:01 Apache process is Running
Jan 20 13:29:01 1
Jan 20 13:29:01 Mysql process is Running
Jan 20 13:29:01 0
Jan 20 13:29:01 Apache is Listening
Jan 20 13:29:01 Mysql is Listening
Jan 20 13:29:01 errorcount is: 0
Jan 20 13:29:02 Percent of memory used: 75.700
Jan 20 13:29:02 Disk space capacity: 27%.
Jan 20 13:30:01 4
Jan 20 13:30:01 Apache process is Running
Jan 20 13:30:01 1
Jan 20 13:30:01 Mysql process is Running
Jan 20 13:30:01 0
Jan 20 13:30:01 Apache is Listening
Jan 20 13:30:01 Mysql is Listening
Jan 20 13:30:01 errorcount is: 0
Jan 20 13:30:01 Percent of memory used: 75.700
Jan 20 13:30:01 Disk space capacity: 27%.
Jan 20 13:31:01 4
Jan 20 13:31:01 Apache process is Running
Jan 20 13:31:01 1
Jan 20 13:31:01 Mysql process is Running
Jan 20 13:31:01 0
Jan 20 13:31:01 Apache is Listening
Jan 20 13:31:01 Mysql is Listening
Jan 20 13:31:01 errorcount is: 0
Jan 20 13:31:02 Percent of memory used: 75.700
Jan 20 13:31:02 Disk space capacity: 27%.
Jan 20 13:32:01 4
Jan 20 13:32:01 Apache process is Running
Jan 20 13:32:01 1
Jan 20 13:32:01 Mysql process is Running
Jan 20 13:32:01 0
Jan 20 13:32:01 Apache is Listening
Jan 20 13:32:01 Mysql is Listening
Jan 20 13:32:01 errorcount is: 0
Jan 20 13:32:02 Percent of memory used: 75.700
Jan 20 13:32:02 Disk space capacity: 27%.
Jan 20 13:33:01 4
Jan 20 13:33:01 Apache process is Running
Jan 20 13:33:01 1
Jan 20 13:33:01 Mysql process is Running
Jan 20 13:33:01 0
Jan 20 13:33:01 Apache is Listening
Jan 20 13:33:01 Mysql is Listening
Jan 20 13:33:01 errorcount is: 0
Jan 20 13:33:01 Percent of memory used: 75.700
Jan 20 13:33:01 Disk space capacity: 27%.
Jan 20 13:34:02 4
Jan 20 13:34:02 Apache process is Running
Jan 20 13:34:02 1
Jan 20 13:34:02 Mysql process is Running
Jan 20 13:34:02 0
Jan 20 13:34:02 Apache is Listening
Jan 20 13:34:02 Mysql is Listening
Jan 20 13:34:02 errorcount is: 0
Jan 20 13:34:02 Percent of memory used: 75.700
Jan 20 13:34:02 Disk space capacity: 27%.
Jan 20 13:35:01 4
Jan 20 13:35:01 Apache process is Running
Jan 20 13:35:01 1
Jan 20 13:35:01 Mysql process is Running
Jan 20 13:35:01 0
Jan 20 13:35:01 Apache is Listening
Jan 20 13:35:01 Mysql is Listening
Jan 20 13:35:01 errorcount is: 0
Jan 20 13:35:02 Percent of memory used: 75.700
Jan 20 13:35:02 Disk space capacity: 27%.
Jan 20 13:36:01 4
Jan 20 13:36:01 Apache process is Running
Jan 20 13:36:01 1
Jan 20 13:36:01 Mysql process is Running
Jan 20 13:36:01 0
Jan 20 13:36:01 Apache is Listening
Jan 20 13:36:01 Mysql is Listening
Jan 20 13:36:01 errorcount is: 0
Jan 20 13:36:01 Percent of memory used: 75.700
Jan 20 13:36:01 Disk space capacity: 27%.
Jan 20 13:37:02 4
Jan 20 13:37:02 Apache process is Running
Jan 20 13:37:02 1
Jan 20 13:37:02 Mysql process is Running
Jan 20 13:37:02 0
Jan 20 13:37:02 Apache is Listening
Jan 20 13:37:02 Mysql is Listening
Jan 20 13:37:02 errorcount is: 0
Jan 20 13:37:02 Percent of memory used: 75.800
Jan 20 13:37:02 Disk space capacity: 27%.
Jan 20 13:38:01 4
Jan 20 13:38:01 Apache process is Running
Jan 20 13:38:01 1
Jan 20 13:38:01 Mysql process is Running
Jan 20 13:38:01 0
Jan 20 13:38:01 Apache is Listening
Jan 20 13:38:01 Mysql is Listening
Jan 20 13:38:01 errorcount is: 0
Jan 20 13:38:02 Percent of memory used: 75.800
Jan 20 13:38:02 Disk space capacity: 27%.
Jan 20 13:39:01 4
Jan 20 13:39:01 Apache process is Running
Jan 20 13:39:01 1
Jan 20 13:39:01 Mysql process is Running
Jan 20 13:39:01 0
Jan 20 13:39:01 Apache is Listening
Jan 20 13:39:01 Mysql is Listening
Jan 20 13:39:01 errorcount is: 0
Jan 20 13:39:02 Percent of memory used: 75.800
Jan 20 13:39:02 Disk space capacity: 27%.
Jan 20 13:40:01 4
Jan 20 13:40:01 Apache process is Running
Jan 20 13:40:01 1
Jan 20 13:40:01 Mysql process is Running
Jan 20 13:40:01 0
Jan 20 13:40:01 Apache is Listening
Jan 20 13:40:01 Mysql is Listening
Jan 20 13:40:01 errorcount is: 0
Jan 20 13:40:01 Percent of memory used: 75.800
Jan 20 13:40:01 Disk space capacity: 27%.
Jan 20 13:41:01 4
Jan 20 13:41:01 Apache process is Running
Jan 20 13:41:01 1
Jan 20 13:41:01 Mysql process is Running
Jan 20 13:41:01 0
Jan 20 13:41:01 Apache is Listening
Jan 20 13:41:01 Mysql is Listening
Jan 20 13:41:01 errorcount is: 0
Jan 20 13:41:02 Percent of memory used: 75.800
Jan 20 13:41:02 Disk space capacity: 27%.
Jan 20 13:42:01 4
Jan 20 13:42:01 Apache process is Running
Jan 20 13:42:01 1
Jan 20 13:42:01 Mysql process is Running
Jan 20 13:42:01 0
Jan 20 13:42:01 Apache is Listening
Jan 20 13:42:01 Mysql is Listening
Jan 20 13:42:01 errorcount is: 0
Jan 20 13:42:02 Percent of memory used: 75.800
Jan 20 13:42:02 Disk space capacity: 27%.
Jan 20 13:43:01 4
Jan 20 13:43:01 Apache process is Running
Jan 20 13:43:01 1
Jan 20 13:43:01 Mysql process is Running
Jan 20 13:43:01 0
Jan 20 13:43:01 Apache is Listening
Jan 20 13:43:01 Mysql is Listening
Jan 20 13:43:01 errorcount is: 0
Jan 20 13:43:01 Percent of memory used: 75.800
Jan 20 13:43:01 Disk space capacity: 27%.
Jan 20 13:44:01 4
Jan 20 13:44:01 Apache process is Running
Jan 20 13:44:01 1
Jan 20 13:44:01 Mysql process is Running
Jan 20 13:44:01 0
Jan 20 13:44:01 Apache is Listening
Jan 20 13:44:01 Mysql is Listening
Jan 20 13:44:01 errorcount is: 0
Jan 20 13:44:02 Percent of memory used: 75.900
Jan 20 13:44:02 Disk space capacity: 27%.
Jan 20 13:45:01 4
Jan 20 13:45:01 Apache process is Running
Jan 20 13:45:01 1
Jan 20 13:45:01 Mysql process is Running
Jan 20 13:45:01 0
Jan 20 13:45:01 Apache is Listening
Jan 20 13:45:01 Mysql is Listening
Jan 20 13:45:01 errorcount is: 0
Jan 20 13:45:02 Percent of memory used: 75.700
Jan 20 13:45:02 Disk space capacity: 27%.
Jan 20 13:46:01 4
Jan 20 13:46:01 Apache process is Running
Jan 20 13:46:01 1
Jan 20 13:46:01 Mysql process is Running
Jan 20 13:46:01 0
Jan 20 13:46:01 Apache is Listening
Jan 20 13:46:01 Mysql is Listening
Jan 20 13:46:01 errorcount is: 0
Jan 20 13:46:01 Percent of memory used: 75.700
Jan 20 13:46:01 Disk space capacity: 27%.
Jan 20 13:47:01 4
Jan 20 13:47:01 Apache process is Running
Jan 20 13:47:01 1
Jan 20 13:47:01 Mysql process is Running
Jan 20 13:47:01 0
Jan 20 13:47:01 Apache is Listening
Jan 20 13:47:01 Mysql is Listening
Jan 20 13:47:01 errorcount is: 0
Jan 20 13:47:02 Percent of memory used: 75.800
Jan 20 13:47:02 Disk space capacity: 27%.
Jan 20 13:48:01 4
Jan 20 13:48:01 Apache process is Running
Jan 20 13:48:01 1
Jan 20 13:48:01 Mysql process is Running
Jan 20 13:48:01 0
Jan 20 13:48:01 Apache is Listening
Jan 20 13:48:01 Mysql is Listening
Jan 20 13:48:01 errorcount is: 0
Jan 20 13:48:02 Percent of memory used: 75.700
Jan 20 13:48:02 Disk space capacity: 27%.
Jan 20 13:49:01 4
Jan 20 13:49:01 Apache process is Running
Jan 20 13:49:01 1
Jan 20 13:49:01 Mysql process is Running
Jan 20 13:49:01 0
Jan 20 13:49:01 Apache is Listening
Jan 20 13:49:01 Mysql is Listening
Jan 20 13:49:01 errorcount is: 0
Jan 20 13:49:01 Percent of memory used: 75.900
Jan 20 13:49:01 Disk space capacity: 27%.
Jan 20 13:50:02 4
Jan 20 13:50:02 Apache process is Running
Jan 20 13:50:02 1
Jan 20 13:50:02 Mysql process is Running
Jan 20 13:50:02 0
Jan 20 13:50:02 Apache is Listening
Jan 20 13:50:02 Mysql is Listening
Jan 20 13:50:02 errorcount is: 0
Jan 20 13:50:02 Percent of memory used: 75.700
Jan 20 13:50:02 Disk space capacity: 27%.
Jan 20 13:51:01 4
Jan 20 13:51:01 Apache process is Running
Jan 20 13:51:01 1
Jan 20 13:51:01 Mysql process is Running
Jan 20 13:51:01 0
Jan 20 13:51:01 Apache is Listening
Jan 20 13:51:01 Mysql is Listening
Jan 20 13:51:01 errorcount is: 0
Jan 20 13:51:02 Percent of memory used: 75.700
Jan 20 13:51:02 Disk space capacity: 27%.
Jan 20 13:52:01 4
Jan 20 13:52:01 Apache process is Running
Jan 20 13:52:01 1
Jan 20 13:52:01 Mysql process is Running
Jan 20 13:52:01 0
Jan 20 13:52:01 Apache is Listening
Jan 20 13:52:01 Mysql is Listening
Jan 20 13:52:01 errorcount is: 0
Jan 20 13:52:02 Percent of memory used: 75.800
Jan 20 13:52:02 Disk space capacity: 27%.
Jan 20 13:53:01 4
Jan 20 13:53:01 Apache process is Running
Jan 20 13:53:01 1
Jan 20 13:53:01 Mysql process is Running
Jan 20 13:53:01 0
Jan 20 13:53:01 Apache is Listening
Jan 20 13:53:01 Mysql is Listening
Jan 20 13:53:01 errorcount is: 0
Jan 20 13:53:01 Percent of memory used: 75.700
Jan 20 13:53:01 Disk space capacity: 27%.
Jan 20 13:54:01 4
Jan 20 13:54:01 Apache process is Running
Jan 20 13:54:01 1
Jan 20 13:54:01 Mysql process is Running
Jan 20 13:54:01 0
Jan 20 13:54:01 Apache is Listening
Jan 20 13:54:01 Mysql is Listening
Jan 20 13:54:01 errorcount is: 0
Jan 20 13:54:02 Percent of memory used: 75.700
Jan 20 13:54:02 Disk space capacity: 27%.
Jan 20 13:55:01 4
Jan 20 13:55:01 Apache process is Running
Jan 20 13:55:01 1
Jan 20 13:55:01 Mysql process is Running
Jan 20 13:55:01 0
Jan 20 13:55:01 Apache is Listening
Jan 20 13:55:01 Mysql is Listening
Jan 20 13:55:01 errorcount is: 0
Jan 20 13:55:02 Percent of memory used: 75.700
Jan 20 13:55:02 Disk space capacity: 27%.
Jan 20 13:56:01 4
Jan 20 13:56:01 Apache process is Running
Jan 20 13:56:01 1
Jan 20 13:56:01 Mysql process is Running
Jan 20 13:56:01 0
Jan 20 13:56:01 Apache is Listening
Jan 20 13:56:01 Mysql is Listening
Jan 20 13:56:01 errorcount is: 0
Jan 20 13:56:01 Percent of memory used: 75.700
Jan 20 13:56:01 Disk space capacity: 27%.
Jan 20 13:57:02 4
Jan 20 13:57:02 Apache process is Running
Jan 20 13:57:02 1
Jan 20 13:57:02 Mysql process is Running
Jan 20 13:57:02 0
Jan 20 13:57:02 Apache is Listening
Jan 20 13:57:02 Mysql is Listening
Jan 20 13:57:02 errorcount is: 0
Jan 20 13:57:02 Percent of memory used: 75.700
Jan 20 13:57:02 Disk space capacity: 27%.
Jan 20 13:58:01 4
Jan 20 13:58:01 Apache process is Running
Jan 20 13:58:01 1
Jan 20 13:58:01 Mysql process is Running
Jan 20 13:58:01 0
Jan 20 13:58:01 Apache is Listening
Jan 20 13:58:01 Mysql is Listening
Jan 20 13:58:01 errorcount is: 0
Jan 20 13:58:02 Percent of memory used: 75.900
Jan 20 13:58:02 Disk space capacity: 27%.
Jan 20 13:59:01 4
Jan 20 13:59:01 Apache process is Running
Jan 20 13:59:01 1
Jan 20 13:59:01 Mysql process is Running
Jan 20 13:59:01 0
Jan 20 13:59:01 Apache is Listening
Jan 20 13:59:01 Mysql is Listening
Jan 20 13:59:01 errorcount is: 0
Jan 20 13:59:01 Percent of memory used: 75.900
Jan 20 13:59:01 Disk space capacity: 27%.
Jan 20 14:00:02 4
Jan 20 14:00:02 Apache process is Running
Jan 20 14:00:02 1
Jan 20 14:00:02 Mysql process is Running
Jan 20 14:00:02 0
Jan 20 14:00:02 Apache is Listening
Jan 20 14:00:02 Mysql is Listening
Jan 20 14:00:02 errorcount is: 0
Jan 20 14:00:02 Percent of memory used: 75.700
Jan 20 14:00:02 Disk space capacity: 27%.
Jan 20 14:01:01 4
Jan 20 14:01:01 Apache process is Running
Jan 20 14:01:01 1
Jan 20 14:01:01 Mysql process is Running
Jan 20 14:01:01 0
Jan 20 14:01:01 Apache is Listening
Jan 20 14:01:01 Mysql is Listening
Jan 20 14:01:01 errorcount is: 0
Jan 20 14:01:02 Percent of memory used: 75.900
Jan 20 14:01:02 Disk space capacity: 27%.
Jan 20 14:02:01 4
Jan 20 14:02:01 Apache process is Running
Jan 20 14:02:01 1
Jan 20 14:02:01 Mysql process is Running
Jan 20 14:02:01 0
Jan 20 14:02:01 Apache is Listening
Jan 20 14:02:01 Mysql is Listening
Jan 20 14:02:01 errorcount is: 0
Jan 20 14:02:02 Percent of memory used: 75.700
Jan 20 14:02:02 Disk space capacity: 27%.
Jan 20 14:03:01 4
Jan 20 14:03:01 Apache process is Running
Jan 20 14:03:01 1
Jan 20 14:03:01 Mysql process is Running
Jan 20 14:03:01 0
Jan 20 14:03:01 Apache is Listening
Jan 20 14:03:01 Mysql is Listening
Jan 20 14:03:01 errorcount is: 0
Jan 20 14:03:01 Percent of memory used: 75.700
Jan 20 14:03:01 Disk space capacity: 27%.
Jan 20 14:04:02 4
Jan 20 14:04:02 Apache process is Running
Jan 20 14:04:02 1
Jan 20 14:04:02 Mysql process is Running
Jan 20 14:04:02 0
Jan 20 14:04:02 Apache is Listening
Jan 20 14:04:02 Mysql is Listening
Jan 20 14:04:02 errorcount is: 0
Jan 20 14:04:02 Percent of memory used: 75.900
Jan 20 14:04:02 Disk space capacity: 27%.
Jan 20 14:05:01 4
Jan 20 14:05:01 Apache process is Running
Jan 20 14:05:01 1
Jan 20 14:05:01 Mysql process is Running
Jan 20 14:05:01 0
Jan 20 14:05:01 Apache is Listening
Jan 20 14:05:01 Mysql is Listening
Jan 20 14:05:01 errorcount is: 0
Jan 20 14:05:02 Percent of memory used: 75.700
Jan 20 14:05:02 Disk space capacity: 27%.
Jan 20 14:06:01 4
Jan 20 14:06:01 Apache process is Running
Jan 20 14:06:01 1
Jan 20 14:06:01 Mysql process is Running
Jan 20 14:06:01 0
Jan 20 14:06:01 Apache is Listening
Jan 20 14:06:01 Mysql is Listening
Jan 20 14:06:01 errorcount is: 0
Jan 20 14:06:02 Percent of memory used: 75.700
Jan 20 14:06:02 Disk space capacity: 27%.
Jan 20 14:07:01 4
Jan 20 14:07:01 Apache process is Running
Jan 20 14:07:01 1
Jan 20 14:07:01 Mysql process is Running
Jan 20 14:07:01 0
Jan 20 14:07:01 Apache is Listening
Jan 20 14:07:01 Mysql is Listening
Jan 20 14:07:01 errorcount is: 0
Jan 20 14:07:01 Percent of memory used: 75.900
Jan 20 14:07:01 Disk space capacity: 27%.
Jan 20 14:08:02 4
Jan 20 14:08:02 Apache process is Running
Jan 20 14:08:02 1
Jan 20 14:08:02 Mysql process is Running
Jan 20 14:08:02 0
Jan 20 14:08:02 Apache is Listening
Jan 20 14:08:02 Mysql is Listening
Jan 20 14:08:02 errorcount is: 0
Jan 20 14:08:02 Percent of memory used: 75.800
Jan 20 14:08:02 Disk space capacity: 27%.
Jan 20 14:09:01 4
Jan 20 14:09:01 Apache process is Running
Jan 20 14:09:01 1
Jan 20 14:09:01 Mysql process is Running
Jan 20 14:09:01 0
Jan 20 14:09:01 Apache is Listening
Jan 20 14:09:01 Mysql is Listening
Jan 20 14:09:01 errorcount is: 0
Jan 20 14:09:02 Percent of memory used: 75.700
Jan 20 14:09:02 Disk space capacity: 27%.
Jan 20 14:10:01 4
Jan 20 14:10:01 Apache process is Running
Jan 20 14:10:01 1
Jan 20 14:10:01 Mysql process is Running
Jan 20 14:10:01 0
Jan 20 14:10:01 Apache is Listening
Jan 20 14:10:01 Mysql is Listening
Jan 20 14:10:01 errorcount is: 0
Jan 20 14:10:01 Percent of memory used: 75.900
Jan 20 14:10:01 Disk space capacity: 27%.
Jan 20 14:11:02 4
Jan 20 14:11:02 Apache process is Running
Jan 20 14:11:02 1
Jan 20 14:11:02 Mysql process is Running
Jan 20 14:11:02 0
Jan 20 14:11:02 Apache is Listening
Jan 20 14:11:02 Mysql is Listening
Jan 20 14:11:02 errorcount is: 0
Jan 20 14:11:02 Percent of memory used: 75.700
Jan 20 14:11:02 Disk space capacity: 27%.
Jan 20 14:12:01 4
Jan 20 14:12:01 Apache process is Running
Jan 20 14:12:01 1
Jan 20 14:12:01 Mysql process is Running
Jan 20 14:12:01 0
Jan 20 14:12:01 Apache is Listening
Jan 20 14:12:01 Mysql is Listening
Jan 20 14:12:01 errorcount is: 0
Jan 20 14:12:02 Percent of memory used: 75.800
Jan 20 14:12:02 Disk space capacity: 27%.
Jan 20 14:13:01 4
Jan 20 14:13:01 Apache process is Running
Jan 20 14:13:01 1
Jan 20 14:13:01 Mysql process is Running
Jan 20 14:13:01 0
Jan 20 14:13:01 Apache is Listening
Jan 20 14:13:01 Mysql is Listening
Jan 20 14:13:01 errorcount is: 0
Jan 20 14:13:02 Percent of memory used: 75.800
Jan 20 14:13:02 Disk space capacity: 27%.
Jan 20 14:14:01 4
Jan 20 14:14:01 Apache process is Running
Jan 20 14:14:01 1
Jan 20 14:14:01 Mysql process is Running
Jan 20 14:14:01 0
Jan 20 14:14:01 Apache is Listening
Jan 20 14:14:01 Mysql is Listening
Jan 20 14:14:01 errorcount is: 0
Jan 20 14:14:01 Percent of memory used: 75.800
Jan 20 14:14:01 Disk space capacity: 27%.
Jan 20 14:15:01 4
Jan 20 14:15:01 Apache process is Running
Jan 20 14:15:01 1
Jan 20 14:15:01 Mysql process is Running
Jan 20 14:15:01 0
Jan 20 14:15:01 Apache is Listening
Jan 20 14:15:01 Mysql is Listening
Jan 20 14:15:01 errorcount is: 0
Jan 20 14:15:02 Percent of memory used: 75.800
Jan 20 14:15:02 Disk space capacity: 27%.
Jan 20 14:16:01 4
Jan 20 14:16:01 Apache process is Running
Jan 20 14:16:01 1
Jan 20 14:16:01 Mysql process is Running
Jan 20 14:16:01 0
Jan 20 14:16:01 Apache is Listening
Jan 20 14:16:01 Mysql is Listening
Jan 20 14:16:01 errorcount is: 0
Jan 20 14:16:02 Percent of memory used: 75.800
Jan 20 14:16:02 Disk space capacity: 27%.
Jan 20 14:17:01 4
Jan 20 14:17:01 Apache process is Running
Jan 20 14:17:01 1
Jan 20 14:17:01 Mysql process is Running
Jan 20 14:17:01 0
Jan 20 14:17:01 Apache is Listening
Jan 20 14:17:01 Mysql is Listening
Jan 20 14:17:01 errorcount is: 0
Jan 20 14:17:01 Percent of memory used: 75.800
Jan 20 14:17:01 Disk space capacity: 27%.
Jan 20 14:18:01 4
Jan 20 14:18:01 Apache process is Running
Jan 20 14:18:01 1
Jan 20 14:18:01 Mysql process is Running
Jan 20 14:18:01 0
Jan 20 14:18:01 Apache is Listening
Jan 20 14:18:01 Mysql is Listening
Jan 20 14:18:01 errorcount is: 0
Jan 20 14:18:02 Percent of memory used: 75.800
Jan 20 14:18:02 Disk space capacity: 27%.
Jan 20 14:19:01 4
Jan 20 14:19:01 Apache process is Running
Jan 20 14:19:01 1
Jan 20 14:19:01 Mysql process is Running
Jan 20 14:19:01 0
Jan 20 14:19:01 Apache is Listening
Jan 20 14:19:01 Mysql is Listening
Jan 20 14:19:01 errorcount is: 0
Jan 20 14:19:02 Percent of memory used: 75.800
Jan 20 14:19:02 Disk space capacity: 27%.
Jan 20 14:20:01 4
Jan 20 14:20:01 Apache process is Running
Jan 20 14:20:01 1
Jan 20 14:20:01 Mysql process is Running
Jan 20 14:20:01 0
Jan 20 14:20:01 Apache is Listening
Jan 20 14:20:01 Mysql is Listening
Jan 20 14:20:01 errorcount is: 0
Jan 20 14:20:02 Percent of memory used: 75.900
Jan 20 14:20:02 Disk space capacity: 27%.
Jan 20 14:21:01 4
Jan 20 14:21:01 Apache process is Running
Jan 20 14:21:01 1
Jan 20 14:21:01 Mysql process is Running
Jan 20 14:21:01 0
Jan 20 14:21:01 Apache is Listening
Jan 20 14:21:01 Mysql is Listening
Jan 20 14:21:01 errorcount is: 0
Jan 20 14:21:01 Percent of memory used: 75.800
Jan 20 14:21:01 Disk space capacity: 27%.
Jan 20 14:22:01 4
Jan 20 14:22:01 Apache process is Running
Jan 20 14:22:01 1
Jan 20 14:22:01 Mysql process is Running
Jan 20 14:22:01 0
Jan 20 14:22:01 Apache is Listening
Jan 20 14:22:01 Mysql is Listening
Jan 20 14:22:01 errorcount is: 0
Jan 20 14:22:02 Percent of memory used: 75.800
Jan 20 14:22:02 Disk space capacity: 27%.
Jan 20 14:23:01 4
Jan 20 14:23:01 Apache process is Running
Jan 20 14:23:01 1
Jan 20 14:23:01 Mysql process is Running
Jan 20 14:23:01 0
Jan 20 14:23:01 Apache is Listening
Jan 20 14:23:01 Mysql is Listening
Jan 20 14:23:01 errorcount is: 0
Jan 20 14:23:02 Percent of memory used: 76.000
Jan 20 14:23:02 Disk space capacity: 27%.
Jan 20 14:24:01 4
Jan 20 14:24:01 Apache process is Running
Jan 20 14:24:01 1
Jan 20 14:24:01 Mysql process is Running
Jan 20 14:24:01 0
Jan 20 14:24:01 Apache is Listening
Jan 20 14:24:01 Mysql is Listening
Jan 20 14:24:01 errorcount is: 0
Jan 20 14:24:01 Percent of memory used: 75.800
Jan 20 14:24:01 Disk space capacity: 27%.
Jan 20 14:25:02 4
Jan 20 14:25:02 Apache process is Running
Jan 20 14:25:02 1
Jan 20 14:25:02 Mysql process is Running
Jan 20 14:25:02 0
Jan 20 14:25:02 Apache is Listening
Jan 20 14:25:02 Mysql is Listening
Jan 20 14:25:02 errorcount is: 0
Jan 20 14:25:02 Percent of memory used: 75.800
Jan 20 14:25:02 Disk space capacity: 27%.
Jan 20 14:26:01 4
Jan 20 14:26:01 Apache process is Running
Jan 20 14:26:01 1
Jan 20 14:26:01 Mysql process is Running
Jan 20 14:26:01 0
Jan 20 14:26:01 Apache is Listening
Jan 20 14:26:01 Mysql is Listening
Jan 20 14:26:01 errorcount is: 0
Jan 20 14:26:02 Percent of memory used: 75.800
Jan 20 14:26:02 Disk space capacity: 27%.
Jan 20 14:27:01 4
Jan 20 14:27:01 Apache process is Running
Jan 20 14:27:01 1
Jan 20 14:27:01 Mysql process is Running
Jan 20 14:27:01 0
Jan 20 14:27:01 Apache is Listening
Jan 20 14:27:01 Mysql is Listening
Jan 20 14:27:01 errorcount is: 0
Jan 20 14:27:02 Percent of memory used: 75.800
Jan 20 14:27:02 Disk space capacity: 27%.
Jan 20 14:28:01 4
Jan 20 14:28:01 Apache process is Running
Jan 20 14:28:01 1
Jan 20 14:28:01 Mysql process is Running
Jan 20 14:28:01 0
Jan 20 14:28:01 Apache is Listening
Jan 20 14:28:01 Mysql is Listening
Jan 20 14:28:01 errorcount is: 0
Jan 20 14:28:01 Percent of memory used: 76.200
Jan 20 14:28:01 Disk space capacity: 27%.
Jan 20 14:29:02 4
Jan 20 14:29:02 Apache process is Running
Jan 20 14:29:02 1
Jan 20 14:29:02 Mysql process is Running
Jan 20 14:29:02 0
Jan 20 14:29:02 Apache is Listening
Jan 20 14:29:02 Mysql is Listening
Jan 20 14:29:02 errorcount is: 0
Jan 20 14:29:02 Percent of memory used: 76.000
Jan 20 14:29:02 Disk space capacity: 27%.
Jan 20 14:30:01 4
Jan 20 14:30:01 Apache process is Running
Jan 20 14:30:01 1
Jan 20 14:30:01 Mysql process is Running
Jan 20 14:30:01 0
Jan 20 14:30:01 Apache is Listening
Jan 20 14:30:01 Mysql is Listening
Jan 20 14:30:01 errorcount is: 0
Jan 20 14:30:02 Percent of memory used: 76.000
Jan 20 14:30:02 Disk space capacity: 27%.
Jan 20 14:31:01 4
Jan 20 14:31:01 Apache process is Running
Jan 20 14:31:01 1
Jan 20 14:31:01 Mysql process is Running
Jan 20 14:31:01 0
Jan 20 14:31:01 Apache is Listening
Jan 20 14:31:01 Mysql is Listening
Jan 20 14:31:01 errorcount is: 0
Jan 20 14:31:01 Percent of memory used: 76.000
Jan 20 14:31:01 Disk space capacity: 27%.
Jan 20 14:32:02 4
Jan 20 14:32:02 Apache process is Running
Jan 20 14:32:02 1
Jan 20 14:32:02 Mysql process is Running
Jan 20 14:32:02 0
Jan 20 14:32:02 Apache is Listening
Jan 20 14:32:02 Mysql is Listening
Jan 20 14:32:02 errorcount is: 0
Jan 20 14:32:02 Percent of memory used: 76.000
Jan 20 14:32:02 Disk space capacity: 27%.
Jan 20 14:33:01 4
Jan 20 14:33:01 Apache process is Running
Jan 20 14:33:01 1
Jan 20 14:33:01 Mysql process is Running
Jan 20 14:33:01 0
Jan 20 14:33:01 Apache is Listening
Jan 20 14:33:01 Mysql is Listening
Jan 20 14:33:01 errorcount is: 0
Jan 20 14:33:02 Percent of memory used: 76.100
Jan 20 14:33:02 Disk space capacity: 27%.
Jan 20 14:34:01 4
Jan 20 14:34:01 Apache process is Running
Jan 20 14:34:01 1
Jan 20 14:34:01 Mysql process is Running
Jan 20 14:34:01 0
Jan 20 14:34:01 Apache is Listening
Jan 20 14:34:01 Mysql is Listening
Jan 20 14:34:01 errorcount is: 0
Jan 20 14:34:02 Percent of memory used: 76.100
Jan 20 14:34:02 Disk space capacity: 27%.
Jan 20 14:35:01 4
Jan 20 14:35:01 Apache process is Running
Jan 20 14:35:01 1
Jan 20 14:35:01 Mysql process is Running
Jan 20 14:35:01 0
Jan 20 14:35:01 Apache is Listening
Jan 20 14:35:01 Mysql is Listening
Jan 20 14:35:01 errorcount is: 0
Jan 20 14:35:01 Percent of memory used: 76.000
Jan 20 14:35:01 Disk space capacity: 27%.
Jan 20 14:36:01 4
Jan 20 14:36:01 Apache process is Running
Jan 20 14:36:01 1
Jan 20 14:36:01 Mysql process is Running
Jan 20 14:36:01 0
Jan 20 14:36:01 Apache is Listening
Jan 20 14:36:01 Mysql is Listening
Jan 20 14:36:01 errorcount is: 0
Jan 20 14:36:02 Percent of memory used: 76.000
Jan 20 14:36:02 Disk space capacity: 27%.
Jan 20 14:37:01 4
Jan 20 14:37:01 Apache process is Running
Jan 20 14:37:01 1
Jan 20 14:37:01 Mysql process is Running
Jan 20 14:37:01 0
Jan 20 14:37:01 Apache is Listening
Jan 20 14:37:01 Mysql is Listening
Jan 20 14:37:01 errorcount is: 0
Jan 20 14:37:02 Percent of memory used: 75.900
Jan 20 14:37:02 Disk space capacity: 27%.
Jan 20 14:38:01 4
Jan 20 14:38:01 Apache process is Running
Jan 20 14:38:01 1
Jan 20 14:38:01 Mysql process is Running
Jan 20 14:38:01 0
Jan 20 14:38:01 Apache is Listening
Jan 20 14:38:01 Mysql is Listening
Jan 20 14:38:01 errorcount is: 0
Jan 20 14:38:02 Percent of memory used: 75.900
Jan 20 14:38:02 Disk space capacity: 27%.
Jan 20 14:39:01 4
Jan 20 14:39:01 Apache process is Running
Jan 20 14:39:01 1
Jan 20 14:39:01 Mysql process is Running
Jan 20 14:39:01 0
Jan 20 14:39:01 Apache is Listening
Jan 20 14:39:01 Mysql is Listening
Jan 20 14:39:01 errorcount is: 0
Jan 20 14:39:01 Percent of memory used: 76.000
Jan 20 14:39:01 Disk space capacity: 27%.
Jan 20 14:40:01 4
Jan 20 14:40:01 Apache process is Running
Jan 20 14:40:01 1
Jan 20 14:40:01 Mysql process is Running
Jan 20 14:40:01 0
Jan 20 14:40:01 Apache is Listening
Jan 20 14:40:01 Mysql is Listening
Jan 20 14:40:01 errorcount is: 0
Jan 20 14:40:02 Percent of memory used: 75.800
Jan 20 14:40:02 Disk space capacity: 27%.
Jan 20 14:41:01 4
Jan 20 14:41:01 Apache process is Running
Jan 20 14:41:01 1
Jan 20 14:41:01 Mysql process is Running
Jan 20 14:41:01 0
Jan 20 14:41:01 Apache is Listening
Jan 20 14:41:01 Mysql is Listening
Jan 20 14:41:01 errorcount is: 0
Jan 20 14:41:02 Percent of memory used: 75.800
Jan 20 14:41:02 Disk space capacity: 27%.
Jan 20 14:42:01 4
Jan 20 14:42:01 Apache process is Running
Jan 20 14:42:01 1
Jan 20 14:42:01 Mysql process is Running
Jan 20 14:42:01 0
Jan 20 14:42:01 Apache is Listening
Jan 20 14:42:01 Mysql is Listening
Jan 20 14:42:01 errorcount is: 0
Jan 20 14:42:01 Percent of memory used: 76.000
Jan 20 14:42:01 Disk space capacity: 27%.
Jan 20 14:43:02 4
Jan 20 14:43:02 Apache process is Running
Jan 20 14:43:02 1
Jan 20 14:43:02 Mysql process is Running
Jan 20 14:43:02 0
Jan 20 14:43:02 Apache is Listening
Jan 20 14:43:02 Mysql is Listening
Jan 20 14:43:02 errorcount is: 0
Jan 20 14:43:02 Percent of memory used: 75.800
Jan 20 14:43:02 Disk space capacity: 27%.
Jan 20 14:44:01 4
Jan 20 14:44:01 Apache process is Running
Jan 20 14:44:01 1
Jan 20 14:44:01 Mysql process is Running
Jan 20 14:44:01 0
Jan 20 14:44:01 Apache is Listening
Jan 20 14:44:01 Mysql is Listening
Jan 20 14:44:01 errorcount is: 0
Jan 20 14:44:02 Percent of memory used: 75.800
Jan 20 14:44:02 Disk space capacity: 27%.
Jan 20 14:45:01 4
Jan 20 14:45:01 Apache process is Running
Jan 20 14:45:01 1
Jan 20 14:45:01 Mysql process is Running
Jan 20 14:45:01 0
Jan 20 14:45:01 Apache is Listening
Jan 20 14:45:01 Mysql is Listening
Jan 20 14:45:01 errorcount is: 0
Jan 20 14:45:02 Percent of memory used: 76.200
Jan 20 14:45:02 Disk space capacity: 27%.
Jan 20 14:46:01 4
Jan 20 14:46:01 Apache process is Running
Jan 20 14:46:01 1
Jan 20 14:46:01 Mysql process is Running
Jan 20 14:46:01 0
Jan 20 14:46:01 Apache is Listening
Jan 20 14:46:01 Mysql is Listening
Jan 20 14:46:01 errorcount is: 0
Jan 20 14:46:01 Percent of memory used: 77.400
Jan 20 14:46:01 Disk space capacity: 27%.
Jan 20 14:47:01 4
Jan 20 14:47:01 Apache process is Running
Jan 20 14:47:01 1
Jan 20 14:47:01 Mysql process is Running
Jan 20 14:47:01 0
Jan 20 14:47:01 Apache is Listening
Jan 20 14:47:01 Mysql is Listening
Jan 20 14:47:01 errorcount is: 0
Jan 20 14:47:02 Percent of memory used: 77.700
Jan 20 14:47:02 Disk space capacity: 27%.
Jan 20 14:48:01 4
Jan 20 14:48:01 Apache process is Running
Jan 20 14:48:01 1
Jan 20 14:48:01 Mysql process is Running
Jan 20 14:48:01 0
Jan 20 14:48:01 Apache is Listening
Jan 20 14:48:01 Mysql is Listening
Jan 20 14:48:01 errorcount is: 0
Jan 20 14:48:01 Percent of memory used: 76.500
Jan 20 14:48:01 Disk space capacity: 27%.
Jan 20 14:49:01 4
Jan 20 14:49:01 Apache process is Running
Jan 20 14:49:01 1
Jan 20 14:49:01 Mysql process is Running
Jan 20 14:49:01 0
Jan 20 14:49:01 Apache is Listening
Jan 20 14:49:01 Mysql is Listening
Jan 20 14:49:01 errorcount is: 0
Jan 20 14:49:02 Percent of memory used: 77.800
Jan 20 14:49:02 Disk space capacity: 27%.
Jan 20 14:50:01 4
Jan 20 14:50:01 Apache process is Running
Jan 20 14:50:01 1
Jan 20 14:50:01 Mysql process is Running
Jan 20 14:50:01 0
Jan 20 14:50:01 Apache is Listening
Jan 20 14:50:01 Mysql is Listening
Jan 20 14:50:01 errorcount is: 0
Jan 20 14:50:02 Percent of memory used: 77.800
Jan 20 14:50:02 Disk space capacity: 27%.
Jan 20 14:51:01 4
Jan 20 14:51:01 Apache process is Running
Jan 20 14:51:01 1
Jan 20 14:51:01 Mysql process is Running
Jan 20 14:51:01 0
Jan 20 14:51:01 Apache is Listening
Jan 20 14:51:01 Mysql is Listening
Jan 20 14:51:01 errorcount is: 0
Jan 20 14:51:01 Percent of memory used: 78.000
Jan 20 14:51:01 Disk space capacity: 27%.
Jan 20 14:52:02 4
Jan 20 14:52:02 Apache process is Running
Jan 20 14:52:02 1
Jan 20 14:52:02 Mysql process is Running
Jan 20 14:52:02 0
Jan 20 14:52:02 Apache is Listening
Jan 20 14:52:02 Mysql is Listening
Jan 20 14:52:02 errorcount is: 0
Jan 20 14:52:02 Percent of memory used: 78.000
Jan 20 14:52:02 Disk space capacity: 27%.
Jan 20 14:53:01 4
Jan 20 14:53:01 Apache process is Running
Jan 20 14:53:01 1
Jan 20 14:53:01 Mysql process is Running
Jan 20 14:53:01 0
Jan 20 14:53:01 Apache is Listening
Jan 20 14:53:01 Mysql is Listening
Jan 20 14:53:01 errorcount is: 0
Jan 20 14:53:02 Percent of memory used: 77.900
Jan 20 14:53:02 Disk space capacity: 27%.
Jan 20 14:54:01 4
Jan 20 14:54:01 Apache process is Running
Jan 20 14:54:01 1
Jan 20 14:54:01 Mysql process is Running
Jan 20 14:54:01 0
Jan 20 14:54:01 Apache is Listening
Jan 20 14:54:01 Mysql is Listening
Jan 20 14:54:01 errorcount is: 0
Jan 20 14:54:01 Percent of memory used: 77.900
Jan 20 14:54:01 Disk space capacity: 27%.
Jan 20 14:55:02 4
Jan 20 14:55:02 Apache process is Running
Jan 20 14:55:02 1
Jan 20 14:55:02 Mysql process is Running
Jan 20 14:55:02 0
Jan 20 14:55:02 Apache is Listening
Jan 20 14:55:02 Mysql is Listening
Jan 20 14:55:02 errorcount is: 0
Jan 20 14:55:02 Percent of memory used: 78.000
Jan 20 14:55:02 Disk space capacity: 27%.
Jan 20 14:56:01 4
Jan 20 14:56:01 Apache process is Running
Jan 20 14:56:01 1
Jan 20 14:56:01 Mysql process is Running
Jan 20 14:56:01 0
Jan 20 14:56:01 Apache is Listening
Jan 20 14:56:01 Mysql is Listening
Jan 20 14:56:01 errorcount is: 0
Jan 20 14:56:02 Percent of memory used: 78.000
Jan 20 14:56:02 Disk space capacity: 27%.
Jan 20 14:57:01 4
Jan 20 14:57:01 Apache process is Running
Jan 20 14:57:01 1
Jan 20 14:57:01 Mysql process is Running
Jan 20 14:57:01 0
Jan 20 14:57:01 Apache is Listening
Jan 20 14:57:01 Mysql is Listening
Jan 20 14:57:01 errorcount is: 0
Jan 20 14:57:02 Percent of memory used: 78.000
Jan 20 14:57:02 Disk space capacity: 27%.
Jan 20 14:58:01 4
Jan 20 14:58:01 Apache process is Running
Jan 20 14:58:01 1
Jan 20 14:58:01 Mysql process is Running
Jan 20 14:58:01 0
Jan 20 14:58:01 Apache is Listening
Jan 20 14:58:01 Mysql is Listening
Jan 20 14:58:01 errorcount is: 0
Jan 20 14:58:01 Percent of memory used: 78.000
Jan 20 14:58:01 Disk space capacity: 27%.
Jan 20 14:59:01 4
Jan 20 14:59:01 Apache process is Running
Jan 20 14:59:01 1
Jan 20 14:59:01 Mysql process is Running
Jan 20 14:59:01 0
Jan 20 14:59:01 Apache is Listening
Jan 20 14:59:01 Mysql is Listening
Jan 20 14:59:01 errorcount is: 0
Jan 20 14:59:02 Percent of memory used: 78.000
Jan 20 14:59:02 Disk space capacity: 27%.
Jan 20 15:00:01 4
Jan 20 15:00:01 Apache process is Running
Jan 20 15:00:01 1
Jan 20 15:00:01 Mysql process is Running
Jan 20 15:00:01 0
Jan 20 15:00:01 Apache is Listening
Jan 20 15:00:01 Mysql is Listening
Jan 20 15:00:01 errorcount is: 0
Jan 20 15:00:02 Percent of memory used: 78.000
Jan 20 15:00:02 Disk space capacity: 27%.
Jan 20 15:01:01 4
Jan 20 15:01:01 Apache process is Running
Jan 20 15:01:01 1
Jan 20 15:01:01 Mysql process is Running
Jan 20 15:01:01 0
Jan 20 15:01:01 Apache is Listening
Jan 20 15:01:01 Mysql is Listening
Jan 20 15:01:01 errorcount is: 0
Jan 20 15:01:01 Percent of memory used: 78.100
Jan 20 15:01:01 Disk space capacity: 27%.
Jan 20 15:02:01 4
Jan 20 15:02:01 Apache process is Running
Jan 20 15:02:01 1
Jan 20 15:02:01 Mysql process is Running
Jan 20 15:02:01 0
Jan 20 15:02:01 Apache is Listening
Jan 20 15:02:01 Mysql is Listening
Jan 20 15:02:01 errorcount is: 0
Jan 20 15:02:02 Percent of memory used: 78.000
Jan 20 15:02:02 Disk space capacity: 27%.
Jan 20 15:03:01 4
Jan 20 15:03:01 Apache process is Running
Jan 20 15:03:01 1
Jan 20 15:03:01 Mysql process is Running
Jan 20 15:03:01 0
Jan 20 15:03:01 Apache is Listening
Jan 20 15:03:01 Mysql is Listening
Jan 20 15:03:01 errorcount is: 0
Jan 20 15:03:02 Percent of memory used: 78.200
Jan 20 15:03:02 Disk space capacity: 27%.
Jan 20 15:04:01 4
Jan 20 15:04:01 Apache process is Running
Jan 20 15:04:01 1
Jan 20 15:04:01 Mysql process is Running
Jan 20 15:04:01 0
Jan 20 15:04:01 Apache is Listening
Jan 20 15:04:01 Mysql is Listening
Jan 20 15:04:01 errorcount is: 0
Jan 20 15:04:01 Percent of memory used: 78.000
Jan 20 15:04:01 Disk space capacity: 27%.
Jan 20 15:05:02 4
Jan 20 15:05:02 Apache process is Running
Jan 20 15:05:02 1
Jan 20 15:05:02 Mysql process is Running
Jan 20 15:05:02 0
Jan 20 15:05:02 Apache is Listening
Jan 20 15:05:02 Mysql is Listening
Jan 20 15:05:02 errorcount is: 0
Jan 20 15:05:02 Percent of memory used: 78.000
Jan 20 15:05:02 Disk space capacity: 27%.
Jan 20 15:06:01 4
Jan 20 15:06:01 Apache process is Running
Jan 20 15:06:01 1
Jan 20 15:06:01 Mysql process is Running
Jan 20 15:06:01 0
Jan 20 15:06:01 Apache is Listening
Jan 20 15:06:01 Mysql is Listening
Jan 20 15:06:01 errorcount is: 0
Jan 20 15:06:02 Percent of memory used: 78.200
Jan 20 15:06:02 Disk space capacity: 27%.
Jan 20 15:07:01 4
Jan 20 15:07:01 Apache process is Running
Jan 20 15:07:01 1
Jan 20 15:07:01 Mysql process is Running
Jan 20 15:07:01 0
Jan 20 15:07:01 Apache is Listening
Jan 20 15:07:01 Mysql is Listening
Jan 20 15:07:01 errorcount is: 0
Jan 20 15:07:01 Percent of memory used: 78.000
Jan 20 15:07:01 Disk space capacity: 27%.
Jan 20 15:08:02 4
Jan 20 15:08:02 Apache process is Running
Jan 20 15:08:02 1
Jan 20 15:08:02 Mysql process is Running
Jan 20 15:08:02 0
Jan 20 15:08:02 Apache is Listening
Jan 20 15:08:02 Mysql is Listening
Jan 20 15:08:02 errorcount is: 0
Jan 20 15:08:02 Percent of memory used: 78.000
Jan 20 15:08:02 Disk space capacity: 27%.
Jan 20 15:09:02 4
Jan 20 15:09:02 Apache process is Running
Jan 20 15:09:02 1
Jan 20 15:09:02 Mysql process is Running
Jan 20 15:09:02 0
Jan 20 15:09:02 Apache is Listening
Jan 20 15:09:02 Mysql is Listening
Jan 20 15:09:02 errorcount is: 0
Jan 20 15:09:02 Percent of memory used: 78.000
Jan 20 15:09:02 Disk space capacity: 27%.
Jan 20 15:10:01 4
Jan 20 15:10:01 Apache process is Running
Jan 20 15:10:01 1
Jan 20 15:10:01 Mysql process is Running
Jan 20 15:10:01 0
Jan 20 15:10:01 Apache is Listening
Jan 20 15:10:01 Mysql is Listening
Jan 20 15:10:01 errorcount is: 0
Jan 20 15:10:02 Percent of memory used: 78.200
Jan 20 15:10:02 Disk space capacity: 27%.
Jan 20 15:11:01 4
Jan 20 15:11:01 Apache process is Running
Jan 20 15:11:01 1
Jan 20 15:11:01 Mysql process is Running
Jan 20 15:11:01 0
Jan 20 15:11:01 Apache is Listening
Jan 20 15:11:01 Mysql is Listening
Jan 20 15:11:01 errorcount is: 0
Jan 20 15:11:02 Percent of memory used: 78.000
Jan 20 15:11:02 Disk space capacity: 27%.
Jan 20 15:12:01 4
Jan 20 15:12:01 Apache process is Running
Jan 20 15:12:01 1
Jan 20 15:12:01 Mysql process is Running
Jan 20 15:12:01 0
Jan 20 15:12:01 Apache is Listening
Jan 20 15:12:01 Mysql is Listening
Jan 20 15:12:01 errorcount is: 0
Jan 20 15:12:01 Percent of memory used: 78.000
Jan 20 15:12:01 Disk space capacity: 27%.
Jan 20 15:13:01 4
Jan 20 15:13:01 Apache process is Running
Jan 20 15:13:01 1
Jan 20 15:13:01 Mysql process is Running
Jan 20 15:13:01 0
Jan 20 15:13:01 Apache is Listening
Jan 20 15:13:01 Mysql is Listening
Jan 20 15:13:01 errorcount is: 0
Jan 20 15:13:02 Percent of memory used: 78.200
Jan 20 15:13:02 Disk space capacity: 27%.
Jan 20 15:14:01 4
Jan 20 15:14:01 Apache process is Running
Jan 20 15:14:01 1
Jan 20 15:14:01 Mysql process is Running
Jan 20 15:14:01 0
Jan 20 15:14:01 Apache is Listening
Jan 20 15:14:01 Mysql is Listening
Jan 20 15:14:01 errorcount is: 0
Jan 20 15:14:02 Percent of memory used: 78.100
Jan 20 15:14:02 Disk space capacity: 27%.
Jan 20 15:15:01 4
Jan 20 15:15:01 Apache process is Running
Jan 20 15:15:01 1
Jan 20 15:15:01 Mysql process is Running
Jan 20 15:15:01 0
Jan 20 15:15:01 Apache is Listening
Jan 20 15:15:01 Mysql is Listening
Jan 20 15:15:01 errorcount is: 0
Jan 20 15:15:01 Percent of memory used: 78.100
Jan 20 15:15:01 Disk space capacity: 27%.
Jan 20 15:16:02 4
Jan 20 15:16:02 Apache process is Running
Jan 20 15:16:02 1
Jan 20 15:16:02 Mysql process is Running
Jan 20 15:16:02 0
Jan 20 15:16:02 Apache is Listening
Jan 20 15:16:02 Mysql is Listening
Jan 20 15:16:02 errorcount is: 0
Jan 20 15:16:02 Percent of memory used: 78.000
Jan 20 15:16:02 Disk space capacity: 27%.
Jan 20 15:17:01 4
Jan 20 15:17:01 Apache process is Running
Jan 20 15:17:01 1
Jan 20 15:17:01 Mysql process is Running
Jan 20 15:17:01 0
Jan 20 15:17:01 Apache is Listening
Jan 20 15:17:01 Mysql is Listening
Jan 20 15:17:01 errorcount is: 0
Jan 20 15:17:02 Percent of memory used: 78.100
Jan 20 15:17:02 Disk space capacity: 27%.
Jan 20 15:18:01 4
Jan 20 15:18:01 Apache process is Running
Jan 20 15:18:01 1
Jan 20 15:18:01 Mysql process is Running
Jan 20 15:18:01 0
Jan 20 15:18:01 Apache is Listening
Jan 20 15:18:01 Mysql is Listening
Jan 20 15:18:01 errorcount is: 0
Jan 20 15:18:01 Percent of memory used: 78.100
Jan 20 15:18:01 Disk space capacity: 27%.
Jan 20 15:19:02 4
Jan 20 15:19:02 Apache process is Running
Jan 20 15:19:02 1
Jan 20 15:19:02 Mysql process is Running
Jan 20 15:19:02 0
Jan 20 15:19:02 Apache is Listening
Jan 20 15:19:02 Mysql is Listening
Jan 20 15:19:02 errorcount is: 0
Jan 20 15:19:02 Percent of memory used: 78.100
Jan 20 15:19:02 Disk space capacity: 27%.
Jan 20 15:20:01 4
Jan 20 15:20:01 Apache process is Running
Jan 20 15:20:01 1
Jan 20 15:20:01 Mysql process is Running
Jan 20 15:20:01 0
Jan 20 15:20:01 Apache is Listening
Jan 20 15:20:01 Mysql is Listening
Jan 20 15:20:01 errorcount is: 0
Jan 20 15:20:02 Percent of memory used: 78.200
Jan 20 15:20:02 Disk space capacity: 27%.
Jan 20 15:21:01 4
Jan 20 15:21:01 Apache process is Running
Jan 20 15:21:01 1
Jan 20 15:21:01 Mysql process is Running
Jan 20 15:21:01 0
Jan 20 15:21:01 Apache is Listening
Jan 20 15:21:01 Mysql is Listening
Jan 20 15:21:01 errorcount is: 0
Jan 20 15:21:02 Percent of memory used: 78.100
Jan 20 15:21:02 Disk space capacity: 27%.
Jan 20 15:22:01 4
Jan 20 15:22:01 Apache process is Running
Jan 20 15:22:01 1
Jan 20 15:22:01 Mysql process is Running
Jan 20 15:22:01 0
Jan 20 15:22:01 Apache is Listening
Jan 20 15:22:01 Mysql is Listening
Jan 20 15:22:01 errorcount is: 0
Jan 20 15:22:01 Percent of memory used: 78.200
Jan 20 15:22:01 Disk space capacity: 27%.
Jan 20 15:23:01 4
Jan 20 15:23:01 Apache process is Running
Jan 20 15:23:01 1
Jan 20 15:23:01 Mysql process is Running
Jan 20 15:23:01 0
Jan 20 15:23:01 Apache is Listening
Jan 20 15:23:01 Mysql is Listening
Jan 20 15:23:01 errorcount is: 0
Jan 20 15:23:02 Percent of memory used: 78.100
Jan 20 15:23:02 Disk space capacity: 27%.
Jan 20 15:24:01 4
Jan 20 15:24:01 Apache process is Running
Jan 20 15:24:01 1
Jan 20 15:24:01 Mysql process is Running
Jan 20 15:24:01 0
Jan 20 15:24:01 Apache is Listening
Jan 20 15:24:01 Mysql is Listening
Jan 20 15:24:01 errorcount is: 0
Jan 20 15:24:02 Percent of memory used: 78.200
Jan 20 15:24:02 Disk space capacity: 27%.
Jan 20 15:25:01 4
Jan 20 15:25:01 Apache process is Running
Jan 20 15:25:01 1
Jan 20 15:25:01 Mysql process is Running
Jan 20 15:25:01 0
Jan 20 15:25:01 Apache is Listening
Jan 20 15:25:01 Mysql is Listening
Jan 20 15:25:01 errorcount is: 0
Jan 20 15:25:01 Percent of memory used: 78.100
Jan 20 15:25:01 Disk space capacity: 27%.
Jan 20 15:26:02 4
Jan 20 15:26:02 Apache process is Running
Jan 20 15:26:02 1
Jan 20 15:26:02 Mysql process is Running
Jan 20 15:26:02 0
Jan 20 15:26:02 Apache is Listening
Jan 20 15:26:02 Mysql is Listening
Jan 20 15:26:02 errorcount is: 0
Jan 20 15:26:02 Percent of memory used: 78.100
Jan 20 15:26:02 Disk space capacity: 27%.
Jan 20 15:27:01 4
Jan 20 15:27:01 Apache process is Running
Jan 20 15:27:01 1
Jan 20 15:27:01 Mysql process is Running
Jan 20 15:27:01 0
Jan 20 15:27:01 Apache is Listening
Jan 20 15:27:01 Mysql is Listening
Jan 20 15:27:01 errorcount is: 0
Jan 20 15:27:02 Percent of memory used: 78.100
Jan 20 15:27:02 Disk space capacity: 27%.
Jan 20 15:28:01 4
Jan 20 15:28:01 Apache process is Running
Jan 20 15:28:01 1
Jan 20 15:28:01 Mysql process is Running
Jan 20 15:28:01 0
Jan 20 15:28:01 Apache is Listening
Jan 20 15:28:01 Mysql is Listening
Jan 20 15:28:01 errorcount is: 0
Jan 20 15:28:02 Percent of memory used: 78.100
Jan 20 15:28:02 Disk space capacity: 27%.
Jan 20 15:29:01 4
Jan 20 15:29:01 Apache process is Running
Jan 20 15:29:01 1
Jan 20 15:29:01 Mysql process is Running
Jan 20 15:29:01 0
Jan 20 15:29:01 Apache is Listening
Jan 20 15:29:01 Mysql is Listening
Jan 20 15:29:01 errorcount is: 0
Jan 20 15:29:01 Percent of memory used: 78.100
Jan 20 15:29:01 Disk space capacity: 27%.
Jan 20 15:30:02 4
Jan 20 15:30:02 Apache process is Running
Jan 20 15:30:02 1
Jan 20 15:30:02 Mysql process is Running
Jan 20 15:30:02 0
Jan 20 15:30:02 Apache is Listening
Jan 20 15:30:02 Mysql is Listening
Jan 20 15:30:02 errorcount is: 0
Jan 20 15:30:02 Percent of memory used: 78.100
Jan 20 15:30:02 Disk space capacity: 27%.
Jan 20 15:31:01 4
Jan 20 15:31:01 Apache process is Running
Jan 20 15:31:01 1
Jan 20 15:31:01 Mysql process is Running
Jan 20 15:31:01 0
Jan 20 15:31:01 Apache is Listening
Jan 20 15:31:01 Mysql is Listening
Jan 20 15:31:01 errorcount is: 0
Jan 20 15:31:02 Percent of memory used: 78.100
Jan 20 15:31:02 Disk space capacity: 27%.
Jan 20 15:32:01 4
Jan 20 15:32:01 Apache process is Running
Jan 20 15:32:01 1
Jan 20 15:32:01 Mysql process is Running
Jan 20 15:32:01 0
Jan 20 15:32:01 Apache is Listening
Jan 20 15:32:01 Mysql is Listening
Jan 20 15:32:01 errorcount is: 0
Jan 20 15:32:02 Percent of memory used: 78.100
Jan 20 15:32:02 Disk space capacity: 27%.
Jan 20 15:33:01 4
Jan 20 15:33:01 Apache process is Running
Jan 20 15:33:01 1
Jan 20 15:33:01 Mysql process is Running
Jan 20 15:33:01 0
Jan 20 15:33:01 Apache is Listening
Jan 20 15:33:01 Mysql is Listening
Jan 20 15:33:01 errorcount is: 0
Jan 20 15:33:01 Percent of memory used: 78.100
Jan 20 15:33:01 Disk space capacity: 27%.
Jan 20 15:34:01 4
Jan 20 15:34:01 Apache process is Running
Jan 20 15:34:01 1
Jan 20 15:34:01 Mysql process is Running
Jan 20 15:34:01 0
Jan 20 15:34:01 Apache is Listening
Jan 20 15:34:01 Mysql is Listening
Jan 20 15:34:01 errorcount is: 0
Jan 20 15:34:02 Percent of memory used: 78.100
Jan 20 15:34:02 Disk space capacity: 27%.
Jan 20 15:35:01 4
Jan 20 15:35:01 Apache process is Running
Jan 20 15:35:01 1
Jan 20 15:35:01 Mysql process is Running
Jan 20 15:35:01 0
Jan 20 15:35:01 Apache is Listening
Jan 20 15:35:01 Mysql is Listening
Jan 20 15:35:01 errorcount is: 0
Jan 20 15:35:02 Percent of memory used: 78.300
Jan 20 15:35:02 Disk space capacity: 27%.
Jan 20 15:36:01 4
Jan 20 15:36:01 Apache process is Running
Jan 20 15:36:01 1
Jan 20 15:36:01 Mysql process is Running
Jan 20 15:36:01 0
Jan 20 15:36:01 Apache is Listening
Jan 20 15:36:01 Mysql is Listening
Jan 20 15:36:01 errorcount is: 0
Jan 20 15:36:01 Percent of memory used: 78.100
Jan 20 15:36:01 Disk space capacity: 27%.
Jan 20 15:37:02 4
Jan 20 15:37:02 Apache process is Running
Jan 20 15:37:02 1
Jan 20 15:37:02 Mysql process is Running
Jan 20 15:37:02 0
Jan 20 15:37:02 Apache is Listening
Jan 20 15:37:02 Mysql is Listening
Jan 20 15:37:02 errorcount is: 0
Jan 20 15:37:02 Percent of memory used: 78.100
Jan 20 15:37:02 Disk space capacity: 27%.
Jan 20 15:38:01 4
Jan 20 15:38:01 Apache process is Running
Jan 20 15:38:01 1
Jan 20 15:38:01 Mysql process is Running
Jan 20 15:38:01 0
Jan 20 15:38:01 Apache is Listening
Jan 20 15:38:01 Mysql is Listening
Jan 20 15:38:01 errorcount is: 0
Jan 20 15:38:02 Percent of memory used: 78.100
Jan 20 15:38:02 Disk space capacity: 27%.
Jan 20 15:39:01 4
Jan 20 15:39:01 Apache process is Running
Jan 20 15:39:01 1
Jan 20 15:39:01 Mysql process is Running
Jan 20 15:39:01 0
Jan 20 15:39:01 Apache is Listening
Jan 20 15:39:01 Mysql is Listening
Jan 20 15:39:01 errorcount is: 0
Jan 20 15:39:01 Percent of memory used: 78.100
Jan 20 15:39:02 Disk space capacity: 27%.
Jan 20 15:40:01 4
Jan 20 15:40:01 Apache process is Running
Jan 20 15:40:01 1
Jan 20 15:40:01 Mysql process is Running
Jan 20 15:40:01 0
Jan 20 15:40:01 Apache is Listening
Jan 20 15:40:01 Mysql is Listening
Jan 20 15:40:01 errorcount is: 0
Jan 20 15:40:01 Percent of memory used: 78.100
Jan 20 15:40:01 Disk space capacity: 27%.
Jan 20 15:41:01 4
Jan 20 15:41:01 Apache process is Running
Jan 20 15:41:01 1
Jan 20 15:41:01 Mysql process is Running
Jan 20 15:41:01 0
Jan 20 15:41:01 Apache is Listening
Jan 20 15:41:01 Mysql is Listening
Jan 20 15:41:01 errorcount is: 0
Jan 20 15:41:02 Percent of memory used: 78.100
Jan 20 15:41:02 Disk space capacity: 27%.
Jan 20 15:42:01 4
Jan 20 15:42:01 Apache process is Running
Jan 20 15:42:01 1
Jan 20 15:42:01 Mysql process is Running
Jan 20 15:42:01 0
Jan 20 15:42:01 Apache is Listening
Jan 20 15:42:01 Mysql is Listening
Jan 20 15:42:01 errorcount is: 0
Jan 20 15:42:02 Percent of memory used: 78.100
Jan 20 15:42:02 Disk space capacity: 27%.
Jan 20 15:43:01 4
Jan 20 15:43:01 Apache process is Running
Jan 20 15:43:01 1
Jan 20 15:43:01 Mysql process is Running
Jan 20 15:43:01 0
Jan 20 15:43:01 Apache is Listening
Jan 20 15:43:01 Mysql is Listening
Jan 20 15:43:01 errorcount is: 0
Jan 20 15:43:01 Percent of memory used: 78.300
Jan 20 15:43:01 Disk space capacity: 27%.
Jan 20 15:44:01 4
Jan 20 15:44:01 Apache process is Running
Jan 20 15:44:01 1
Jan 20 15:44:01 Mysql process is Running
Jan 20 15:44:01 0
Jan 20 15:44:01 Apache is Listening
Jan 20 15:44:01 Mysql is Listening
Jan 20 15:44:01 errorcount is: 0
Jan 20 15:44:02 Percent of memory used: 78.100
Jan 20 15:44:02 Disk space capacity: 27%.
Jan 20 15:45:01 4
Jan 20 15:45:01 Apache process is Running
Jan 20 15:45:01 1
Jan 20 15:45:01 Mysql process is Running
Jan 20 15:45:01 0
Jan 20 15:45:01 Apache is Listening
Jan 20 15:45:01 Mysql is Listening
Jan 20 15:45:01 errorcount is: 0
Jan 20 15:45:02 Percent of memory used: 78.100
Jan 20 15:45:02 Disk space capacity: 27%.
Jan 20 15:46:01 4
Jan 20 15:46:01 Apache process is Running
Jan 20 15:46:01 1
Jan 20 15:46:01 Mysql process is Running
Jan 20 15:46:01 0
Jan 20 15:46:01 Apache is Listening
Jan 20 15:46:01 Mysql is Listening
Jan 20 15:46:01 errorcount is: 0
Jan 20 15:46:01 Percent of memory used: 78.300
Jan 20 15:46:01 Disk space capacity: 27%.
Jan 20 15:47:02 4
Jan 20 15:47:02 Apache process is Running
Jan 20 15:47:02 1
Jan 20 15:47:02 Mysql process is Running
Jan 20 15:47:02 0
Jan 20 15:47:02 Apache is Listening
Jan 20 15:47:02 Mysql is Listening
Jan 20 15:47:02 errorcount is: 0
Jan 20 15:47:02 Percent of memory used: 78.100
Jan 20 15:47:02 Disk space capacity: 27%.
Jan 20 15:48:01 4
Jan 20 15:48:01 Apache process is Running
Jan 20 15:48:01 1
Jan 20 15:48:01 Mysql process is Running
Jan 20 15:48:01 0
Jan 20 15:48:01 Apache is Listening
Jan 20 15:48:01 Mysql is Listening
Jan 20 15:48:01 errorcount is: 0
Jan 20 15:48:02 Percent of memory used: 78.100
Jan 20 15:48:02 Disk space capacity: 27%.
Jan 20 15:49:01 4
Jan 20 15:49:01 Apache process is Running
Jan 20 15:49:01 1
Jan 20 15:49:01 Mysql process is Running
Jan 20 15:49:01 0
Jan 20 15:49:01 Apache is Listening
Jan 20 15:49:01 Mysql is Listening
Jan 20 15:49:01 errorcount is: 0
Jan 20 15:49:01 Percent of memory used: 77.900
Jan 20 15:49:01 Disk space capacity: 27%.
Jan 20 15:50:02 4
Jan 20 15:50:02 Apache process is Running
Jan 20 15:50:02 1
Jan 20 15:50:02 Mysql process is Running
Jan 20 15:50:02 0
Jan 20 15:50:02 Apache is Listening
Jan 20 15:50:02 Mysql is Listening
Jan 20 15:50:02 errorcount is: 0
Jan 20 15:50:02 Percent of memory used: 78.400
Jan 20 15:50:02 Disk space capacity: 27%.
Jan 20 15:51:01 4
Jan 20 15:51:01 Apache process is Running
Jan 20 15:51:01 1
Jan 20 15:51:01 Mysql process is Running
Jan 20 15:51:01 0
Jan 20 15:51:01 Apache is Listening
Jan 20 15:51:01 Mysql is Listening
Jan 20 15:51:01 errorcount is: 0
Jan 20 15:51:02 Percent of memory used: 78.200
Jan 20 15:51:02 Disk space capacity: 27%.
Jan 20 15:52:01 4
Jan 20 15:52:01 Apache process is Running
Jan 20 15:52:01 1
Jan 20 15:52:01 Mysql process is Running
Jan 20 15:52:01 0
Jan 20 15:52:01 Apache is Listening
Jan 20 15:52:01 Mysql is Listening
Jan 20 15:52:01 errorcount is: 0
Jan 20 15:52:02 Percent of memory used: 78.400
Jan 20 15:52:02 Disk space capacity: 27%.
Jan 20 15:53:01 4
Jan 20 15:53:01 Apache process is Running
Jan 20 15:53:01 1
Jan 20 15:53:01 Mysql process is Running
Jan 20 15:53:01 0
Jan 20 15:53:01 Apache is Listening
Jan 20 15:53:01 Mysql is Listening
Jan 20 15:53:01 errorcount is: 0
Jan 20 15:53:01 Percent of memory used: 78.500
Jan 20 15:53:01 Disk space capacity: 27%.
Jan 20 15:54:01 4
Jan 20 15:54:01 Apache process is Running
Jan 20 15:54:01 1
Jan 20 15:54:01 Mysql process is Running
Jan 20 15:54:01 0
Jan 20 15:54:01 Apache is Listening
Jan 20 15:54:01 Mysql is Listening
Jan 20 15:54:01 errorcount is: 0
Jan 20 15:54:02 Percent of memory used: 78.500
Jan 20 15:54:02 Disk space capacity: 27%.
Jan 20 15:55:01 4
Jan 20 15:55:01 Apache process is Running
Jan 20 15:55:01 1
Jan 20 15:55:01 Mysql process is Running
Jan 20 15:55:01 0
Jan 20 15:55:01 Apache is Listening
Jan 20 15:55:01 Mysql is Listening
Jan 20 15:55:01 errorcount is: 0
Jan 20 15:55:02 Percent of memory used: 78.500
Jan 20 15:55:02 Disk space capacity: 27%.
Jan 20 15:56:01 4
Jan 20 15:56:01 Apache process is Running
Jan 20 15:56:01 1
Jan 20 15:56:01 Mysql process is Running
Jan 20 15:56:01 0
Jan 20 15:56:01 Apache is Listening
Jan 20 15:56:01 Mysql is Listening
Jan 20 15:56:01 errorcount is: 0
Jan 20 15:56:01 Percent of memory used: 78.800
Jan 20 15:56:01 Disk space capacity: 27%.
Jan 20 15:57:02 Apache process is not Running
Jan 20 15:57:02 Mysql process is not Running
Jan 20 15:57:02 2
Jan 20 15:57:02 There is a problem with Apache or Mysql
Jan 20 15:57:02 Apache is not Listening
Jan 20 15:57:02 Mysql is not Listening
Jan 20 15:57:02 errorcount is: 2
Jan 20 15:57:02 The ports are not listening
Jan 20 15:57:02 Percent of memory used: 72.800
Jan 20 15:57:02 Disk space capacity: 27%.
Jan 20 15:58:01 4
Jan 20 15:58:01 Apache process is Running
Jan 20 15:58:01 1
Jan 20 15:58:01 Mysql process is Running
Jan 20 15:58:01 0
Jan 20 15:58:01 Apache is Listening
Jan 20 15:58:01 Mysql is Listening
Jan 20 15:58:01 errorcount is: 0
Jan 20 15:58:01 Percent of memory used: 78.500
Jan 20 15:58:01 Disk space capacity: 27%.
Jan 20 15:59:02 4
Jan 20 15:59:02 Apache process is Running
Jan 20 15:59:02 1
Jan 20 15:59:02 Mysql process is Running
Jan 20 15:59:02 0
Jan 20 15:59:02 Apache is Listening
Jan 20 15:59:02 Mysql is Listening
Jan 20 15:59:02 errorcount is: 0
Jan 20 15:59:02 Percent of memory used: 78.500
Jan 20 15:59:02 Disk space capacity: 27%.
Jan 20 16:00:01 4
Jan 20 16:00:01 Apache process is Running
Jan 20 16:00:01 1
Jan 20 16:00:01 Mysql process is Running
Jan 20 16:00:01 0
Jan 20 16:00:01 Apache is Listening
Jan 20 16:00:01 Mysql is Listening
Jan 20 16:00:01 errorcount is: 0
Jan 20 16:00:02 Percent of memory used: 78.700
Jan 20 16:00:02 Disk space capacity: 27%.
Jan 20 16:01:01 4
Jan 20 16:01:01 Apache process is Running
Jan 20 16:01:01 1
Jan 20 16:01:01 Mysql process is Running
Jan 20 16:01:01 0
Jan 20 16:01:01 Apache is Listening
Jan 20 16:01:01 Mysql is Listening
Jan 20 16:01:01 errorcount is: 0
Jan 20 16:01:02 Percent of memory used: 78.500
Jan 20 16:01:02 Disk space capacity: 27%.
Jan 20 16:03:01 4
Jan 20 16:03:01 Apache process is Running
Jan 20 16:03:01 1
Jan 20 16:03:01 Mysql process is Running
Jan 20 16:03:01 0
Jan 20 16:03:01 Apache is Listening
Jan 20 16:03:01 Mysql is Listening
Jan 20 16:03:01 errorcount is: 0
Jan 20 16:03:01 Percent of memory used: 78.700
Jan 20 16:03:01 Disk space capacity: 27%.
Jan 20 16:04:02 4
Jan 20 16:04:02 Apache process is Running
Jan 20 16:04:02 1
Jan 20 16:04:02 Mysql process is Running
Jan 20 16:04:02 0
Jan 20 16:04:02 Apache is Listening
Jan 20 16:04:02 Mysql is Listening
Jan 20 16:04:02 errorcount is: 0
Jan 20 16:04:02 Percent of memory used: 78.800
Jan 20 16:04:02 Disk space capacity: 27%.
Jan 20 16:06:02 4
Jan 20 16:06:02 Apache process is Running
Jan 20 16:06:02 1
Jan 20 16:06:02 Mysql process is Running
Jan 20 16:06:02 0
Jan 20 16:06:02 Apache is Listening
Jan 20 16:06:02 Mysql is Listening
Jan 20 16:06:02 errorcount is: 0
Jan 20 16:06:02 Percent of memory used: 79.000
Jan 20 16:06:02 Disk space capacity: 27%.
Jan 20 16:07:01 Apache process is not Running
Jan 20 16:07:01 1
Jan 20 16:07:01 Mysql process is Running
Jan 20 16:07:01 1
Jan 20 16:07:01 There is a problem with Apache or Mysql
Jan 20 16:07:01 Apache is not Listening
Jan 20 16:07:01 Mysql is not Listening
Jan 20 16:07:01 errorcount is: 2
Jan 20 16:07:01 The ports are not listening
Jan 20 16:07:02 Percent of memory used: 78.700
Jan 20 16:07:02 Disk space capacity: 27%.
Jan 20 16:08:01 4
Jan 20 16:08:01 Apache process is Running
Jan 20 16:08:01 1
Jan 20 16:08:01 Mysql process is Running
Jan 20 16:08:01 0
Jan 20 16:08:01 Apache is Listening
Jan 20 16:08:01 Mysql is Listening
Jan 20 16:08:01 errorcount is: 0
Jan 20 16:08:02 Percent of memory used: 79.300
Jan 20 16:08:02 Disk space capacity: 27%.
Jan 20 16:09:01 4
Jan 20 16:09:01 Apache process is Running
Jan 20 16:09:01 1
Jan 20 16:09:01 Mysql process is Running
Jan 20 16:09:01 0
Jan 20 16:09:01 Apache is Listening
Jan 20 16:09:01 Mysql is Listening
Jan 20 16:09:01 errorcount is: 0
Jan 20 16:09:01 Percent of memory used: 79.300
Jan 20 16:09:01 Disk space capacity: 27%.
Jan 20 16:10:02 4
Jan 20 16:10:02 Apache process is Running
Jan 20 16:10:02 1
Jan 20 16:10:02 Mysql process is Running
Jan 20 16:10:02 0
Jan 20 16:10:02 Apache is Listening
Jan 20 16:10:02 Mysql is Listening
Jan 20 16:10:02 errorcount is: 0
Jan 20 16:10:02 Percent of memory used: 79.300
Jan 20 16:10:02 Disk space capacity: 27%.
Jan 20 16:11:01 4
Jan 20 16:11:01 Apache process is Running
Jan 20 16:11:01 1
Jan 20 16:11:01 Mysql process is Running
Jan 20 16:11:01 0
Jan 20 16:11:01 Apache is Listening
Jan 20 16:11:01 Mysql is Listening
Jan 20 16:11:01 errorcount is: 0
Jan 20 16:11:02 Percent of memory used: 79.300
Jan 20 16:11:02 Disk space capacity: 27%.
Jan 20 16:12:01 4
Jan 20 16:12:01 Apache process is Running
Jan 20 16:12:01 1
Jan 20 16:12:01 Mysql process is Running
Jan 20 16:12:01 0
Jan 20 16:12:01 Apache is Listening
Jan 20 16:12:01 Mysql is Listening
Jan 20 16:12:01 errorcount is: 0
Jan 20 16:12:02 Percent of memory used: 79.400
Jan 20 16:12:02 Disk space capacity: 27%.
Jan 20 16:13:01 4
Jan 20 16:13:01 Apache process is Running
Jan 20 16:13:01 1
Jan 20 16:13:01 Mysql process is Running
Jan 20 16:13:01 0
Jan 20 16:13:01 Apache is Listening
Jan 20 16:13:01 Mysql is Listening
Jan 20 16:13:01 errorcount is: 0
Jan 20 16:13:01 Percent of memory used: 79.300
Jan 20 16:13:01 Disk space capacity: 27%.
Jan 20 16:14:02 4
Jan 20 16:14:02 Apache process is Running
Jan 20 16:14:02 1
Jan 20 16:14:02 Mysql process is Running
Jan 20 16:14:02 0
Jan 20 16:14:02 Apache is Listening
Jan 20 16:14:02 Mysql is Listening
Jan 20 16:14:02 errorcount is: 0
Jan 20 16:14:02 Percent of memory used: 79.500
Jan 20 16:14:02 Disk space capacity: 27%.
Jan 20 16:15:01 4
Jan 20 16:15:01 Apache process is Running
Jan 20 16:15:01 1
Jan 20 16:15:01 Mysql process is Running
Jan 20 16:15:01 0
Jan 20 16:15:01 Apache is Listening
Jan 20 16:15:01 Mysql is Listening
Jan 20 16:15:01 errorcount is: 0
Jan 20 16:15:02 Percent of memory used: 79.500
Jan 20 16:15:02 Disk space capacity: 27%.
Jan 20 16:16:01 4
Jan 20 16:16:01 Apache process is Running
Jan 20 16:16:01 1
Jan 20 16:16:01 Mysql process is Running
Jan 20 16:16:01 0
Jan 20 16:16:01 Apache is Listening
Jan 20 16:16:01 Mysql is Listening
Jan 20 16:16:01 errorcount is: 0
Jan 20 16:16:02 Percent of memory used: 79.800
Jan 20 16:16:02 Disk space capacity: 27%.
Jan 20 16:17:02 4
Jan 20 16:17:02 Apache process is Running
Jan 20 16:17:02 1
Jan 20 16:17:02 Mysql process is Running
Jan 20 16:17:02 0
Jan 20 16:17:02 Apache is Listening
Jan 20 16:17:02 Mysql is Listening
Jan 20 16:17:02 errorcount is: 0
Jan 20 16:17:02 Percent of memory used: 79.600
Jan 20 16:17:02 Disk space capacity: 27%.
Jan 20 16:18:01 4
Jan 20 16:18:01 Apache process is Running
Jan 20 16:18:01 1
Jan 20 16:18:01 Mysql process is Running
Jan 20 16:18:01 0
Jan 20 16:18:01 Apache is Listening
Jan 20 16:18:01 Mysql is Listening
Jan 20 16:18:01 errorcount is: 0
Jan 20 16:18:02 Percent of memory used: 80.100
Jan 20 16:18:02 Disk space capacity: 27%.
Jan 20 16:20:01 4
Jan 20 16:20:01 Apache process is Running
Jan 20 16:20:01 1
Jan 20 16:20:01 Mysql process is Running
Jan 20 16:20:01 0
Jan 20 16:20:01 Apache is Listening
Jan 20 16:20:01 Mysql is Listening
Jan 20 16:20:01 errorcount is: 0
Jan 20 16:20:02 Percent of memory used: 79.800
Jan 20 16:20:02 Disk space capacity: 27%.
Jan 20 16:21:01 4
Jan 20 16:21:01 Apache process is Running
Jan 20 16:21:01 1
Jan 20 16:21:01 Mysql process is Running
Jan 20 16:21:01 0
Jan 20 16:21:01 Apache is Listening
Jan 20 16:21:01 Mysql is Listening
Jan 20 16:21:01 errorcount is: 0
Jan 20 16:21:02 Percent of memory used: 79.800
Jan 20 16:21:02 Disk space capacity: 27%.
Jan 20 16:22:01 4
Jan 20 16:22:01 Apache process is Running
Jan 20 16:22:01 1
Jan 20 16:22:01 Mysql process is Running
Jan 20 16:22:01 0
Jan 20 16:22:01 Apache is Listening
Jan 20 16:22:01 Mysql is Listening
Jan 20 16:22:01 errorcount is: 0
Jan 20 16:22:01 Percent of memory used: 79.800
Jan 20 16:22:01 Disk space capacity: 27%.
Jan 20 16:24:01 4
Jan 20 16:24:01 Apache process is Running
Jan 20 16:24:01 1
Jan 20 16:24:01 Mysql process is Running
Jan 20 16:24:01 0
Jan 20 16:24:01 Apache is Listening
Jan 20 16:24:01 Mysql is Listening
Jan 20 16:24:01 errorcount is: 0
Jan 20 16:24:02 Percent of memory used: 80.100
Jan 20 16:24:02 Disk space capacity: 27%.
Jan 20 16:25:01 4
Jan 20 16:25:01 Apache process is Running
Jan 20 16:25:01 1
Jan 20 16:25:01 Mysql process is Running
Jan 20 16:25:01 0
Jan 20 16:25:01 Apache is Listening
Jan 20 16:25:01 Mysql is Listening
Jan 20 16:25:01 errorcount is: 0
Jan 20 16:25:01 Percent of memory used: 93.400
Jan 20 16:25:01 Disk space capacity: 27%.
Jan 20 16:26:02 4
Jan 20 16:26:02 Apache process is Running
Jan 20 16:26:02 1
Jan 20 16:26:02 Mysql process is Running
Jan 20 16:26:02 0
Jan 20 16:26:02 Apache is Listening
Jan 20 16:26:02 Mysql is Listening
Jan 20 16:26:02 errorcount is: 0
Jan 20 16:26:03 Percent of memory used: 98.500
Jan 20 16:26:03 Disk space capacity: 27%.
Jan 20 16:27:01 4
Jan 20 16:27:01 Apache process is Running
Jan 20 16:27:01 1
Jan 20 16:27:01 Mysql process is Running
Jan 20 16:27:01 0
Jan 20 16:27:01 Apache is Listening
Jan 20 16:27:01 Mysql is Listening
Jan 20 16:27:01 errorcount is: 0
Jan 20 16:27:02 Percent of memory used: 97.800
Jan 20 16:27:02 Disk space capacity: 27%.
Jan 20 16:28:01 4
Jan 20 16:28:01 Apache process is Running
Jan 20 16:28:01 1
Jan 20 16:28:01 Mysql process is Running
Jan 20 16:28:01 0
Jan 20 16:28:01 Apache is Listening
Jan 20 16:28:01 Mysql is Listening
Jan 20 16:28:01 errorcount is: 0
Jan 20 16:28:02 Percent of memory used: 97.700
Jan 20 16:28:02 Disk space capacity: 27%.
Jan 20 16:31:01 4
Jan 20 16:31:01 Apache process is Running
Jan 20 16:31:01 1
Jan 20 16:31:01 Mysql process is Running
Jan 20 16:31:01 0
Jan 20 16:31:01 Apache is Listening
Jan 20 16:31:01 Mysql is Listening
Jan 20 16:31:01 errorcount is: 0
Jan 20 16:31:02 Percent of memory used: 38.200
Jan 20 16:31:02 Disk space capacity: 27%.
Jan 20 16:32:01 4
Jan 20 16:32:01 Apache process is Running
Jan 20 16:32:01 1
Jan 20 16:32:01 Mysql process is Running
Jan 20 16:32:01 0
Jan 20 16:32:01 Apache is Listening
Jan 20 16:32:01 Mysql is Listening
Jan 20 16:32:01 errorcount is: 0
Jan 20 16:32:02 Percent of memory used: 38.100
Jan 20 16:32:02 Disk space capacity: 27%.
Jan 20 16:33:01 4
Jan 20 16:33:01 Apache process is Running
Jan 20 16:33:01 1
Jan 20 16:33:01 Mysql process is Running
Jan 20 16:33:01 0
Jan 20 16:33:01 Apache is Listening
Jan 20 16:33:01 Mysql is Listening
Jan 20 16:33:01 errorcount is: 0
Jan 20 16:33:01 Percent of memory used: 38.100
Jan 20 16:33:01 Disk space capacity: 27%.
Jan 20 16:34:02 4
Jan 20 16:34:02 Apache process is Running
Jan 20 16:34:02 1
Jan 20 16:34:02 Mysql process is Running
Jan 20 16:34:02 0
Jan 20 16:34:02 Apache is Listening
Jan 20 16:34:02 Mysql is Listening
Jan 20 16:34:02 errorcount is: 0
Jan 20 16:34:02 Percent of memory used: 38.100
Jan 20 16:34:02 Disk space capacity: 27%.
Jan 20 16:35:01 4
Jan 20 16:35:01 Apache process is Running
Jan 20 16:35:01 1
Jan 20 16:35:01 Mysql process is Running
Jan 20 16:35:01 0
Jan 20 16:35:01 Apache is Listening
Jan 20 16:35:01 Mysql is Listening
Jan 20 16:35:01 errorcount is: 0
Jan 20 16:35:02 Percent of memory used: 38.300
Jan 20 16:35:02 Disk space capacity: 27%.
Jan 20 16:36:01 4
Jan 20 16:36:01 Apache process is Running
Jan 20 16:36:01 1
Jan 20 16:36:01 Mysql process is Running
Jan 20 16:36:01 0
Jan 20 16:36:01 Apache is Listening
Jan 20 16:36:01 Mysql is Listening
Jan 20 16:36:01 errorcount is: 0
Jan 20 16:36:02 Percent of memory used: 38.500
Jan 20 16:36:02 Disk space capacity: 27%.
Jan 20 16:37:01 4
Jan 20 16:37:01 Apache process is Running
Jan 20 16:37:01 1
Jan 20 16:37:01 Mysql process is Running
Jan 20 16:37:01 0
Jan 20 16:37:01 Apache is Listening
Jan 20 16:37:01 Mysql is Listening
Jan 20 16:37:01 errorcount is: 0
Jan 20 16:37:01 Percent of memory used: 38.500
Jan 20 16:37:01 Disk space capacity: 27%.
Jan 20 16:38:01 4
Jan 20 16:38:01 Apache process is Running
Jan 20 16:38:01 1
Jan 20 16:38:01 Mysql process is Running
Jan 20 16:38:01 0
Jan 20 16:38:01 Apache is Listening
Jan 20 16:38:01 Mysql is Listening
Jan 20 16:38:01 errorcount is: 0
Jan 20 16:38:02 Percent of memory used: 38.500
Jan 20 16:38:02 Disk space capacity: 27%.
Jan 20 16:39:01 4
Jan 20 16:39:01 Apache process is Running
Jan 20 16:39:01 1
Jan 20 16:39:01 Mysql process is Running
Jan 20 16:39:01 0
Jan 20 16:39:01 Apache is Listening
Jan 20 16:39:01 Mysql is Listening
Jan 20 16:39:01 errorcount is: 0
Jan 20 16:39:02 Percent of memory used: 38.600
Jan 20 16:39:02 Disk space capacity: 27%.
Jan 20 16:40:01 4
Jan 20 16:40:01 Apache process is Running
Jan 20 16:40:01 1
Jan 20 16:40:01 Mysql process is Running
Jan 20 16:40:01 0
Jan 20 16:40:01 Apache is Listening
Jan 20 16:40:01 Mysql is Listening
Jan 20 16:40:01 errorcount is: 0
Jan 20 16:40:01 Percent of memory used: 38.600
Jan 20 16:40:01 Disk space capacity: 27%.
Jan 20 16:42:01 4
Jan 20 16:42:01 Apache process is Running
Jan 20 16:42:01 1
Jan 20 16:42:01 Mysql process is Running
Jan 20 16:42:01 0
Jan 20 16:42:01 Apache is Listening
Jan 20 16:42:01 Mysql is Listening
Jan 20 16:42:01 errorcount is: 0
Jan 20 16:42:02 Percent of memory used: 38.700
Jan 20 16:42:02 Disk space capacity: 27%.
Jan 20 16:43:01 4
Jan 20 16:43:01 Apache process is Running
Jan 20 16:43:01 1
Jan 20 16:43:01 Mysql process is Running
Jan 20 16:43:01 0
Jan 20 16:43:01 Apache is Listening
Jan 20 16:43:01 Mysql is Listening
Jan 20 16:43:01 errorcount is: 0
Jan 20 16:43:01 Percent of memory used: 39.000
Jan 20 16:43:01 Disk space capacity: 27%.
Jan 20 16:45:01 4
Jan 20 16:45:01 Apache process is Running
Jan 20 16:45:01 1
Jan 20 16:45:01 Mysql process is Running
Jan 20 16:45:01 0
Jan 20 16:45:01 Apache is Listening
Jan 20 16:45:01 Mysql is Listening
Jan 20 16:45:01 errorcount is: 0
Jan 20 16:45:01 Percent of memory used: 39.400
Jan 20 16:45:01 Disk space capacity: 27%.
Jan 20 16:46:02 4
Jan 20 16:46:02 Apache process is Running
Jan 20 16:46:02 1
Jan 20 16:46:02 Mysql process is Running
Jan 20 16:46:02 0
Jan 20 16:46:02 Apache is Listening
Jan 20 16:46:02 Mysql is Listening
Jan 20 16:46:02 errorcount is: 0
Jan 20 16:46:02 Percent of memory used: 39.400
Jan 20 16:46:02 Disk space capacity: 27%.
Jan 20 16:47:01 1
Jan 20 16:47:01 Apache process is Running
Jan 20 16:47:01 1
Jan 20 16:47:01 Mysql process is Running
Jan 20 16:47:01 0
Jan 20 16:47:01 Apache is not Listening
Jan 20 16:47:01 Mysql is Listening
Jan 20 16:47:01 errorcount is: 1
Jan 20 16:47:01 The ports are not listening
Jan 20 16:47:02 Percent of memory used: 39.300
Jan 20 16:47:02 Disk space capacity: 27%.
Jan 20 16:48:01 4
Jan 20 16:48:01 Apache process is Running
Jan 20 16:48:01 1
Jan 20 16:48:01 Mysql process is Running
Jan 20 16:48:01 0
Jan 20 16:48:01 Apache is Listening
Jan 20 16:48:01 Mysql is Listening
Jan 20 16:48:01 errorcount is: 0
Jan 20 16:48:02 Percent of memory used: 39.700
Jan 20 16:48:02 Disk space capacity: 27%.
Jan 20 16:49:01 4
Jan 20 16:49:01 Apache process is Running
Jan 20 16:49:01 1
Jan 20 16:49:01 Mysql process is Running
Jan 20 16:49:01 0
Jan 20 16:49:01 Apache is Listening
Jan 20 16:49:01 Mysql is Listening
Jan 20 16:49:01 errorcount is: 0
Jan 20 16:49:02 Percent of memory used: 40.200
Jan 20 16:49:02 Disk space capacity: 27%.
Jan 20 16:50:01 4
Jan 20 16:50:01 Apache process is Running
Jan 20 16:50:01 1
Jan 20 16:50:01 Mysql process is Running
Jan 20 16:50:01 0
Jan 20 16:50:01 Apache is Listening
Jan 20 16:50:01 Mysql is Listening
Jan 20 16:50:01 errorcount is: 0
Jan 20 16:50:02 Percent of memory used: 40.700
Jan 20 16:50:02 Disk space capacity: 27%.
Jan 20 16:51:01 4
Jan 20 16:51:01 Apache process is Running
Jan 20 16:51:01 1
Jan 20 16:51:01 Mysql process is Running
Jan 20 16:51:01 0
Jan 20 16:51:01 Apache is Listening
Jan 20 16:51:01 Mysql is Listening
Jan 20 16:51:01 errorcount is: 0
Jan 20 16:51:02 Percent of memory used: 40.700
Jan 20 16:51:02 Disk space capacity: 27%.
Jan 20 16:52:01 4
Jan 20 16:52:01 Apache process is Running
Jan 20 16:52:01 1
Jan 20 16:52:01 Mysql process is Running
Jan 20 16:52:01 0
Jan 20 16:52:01 Apache is Listening
Jan 20 16:52:01 Mysql is Listening
Jan 20 16:52:01 errorcount is: 0
Jan 20 16:52:01 Percent of memory used: 40.500
Jan 20 16:52:01 Disk space capacity: 27%.
Jan 20 16:54:02 4
Jan 20 16:54:02 Apache process is Running
Jan 20 16:54:02 1
Jan 20 16:54:02 Mysql process is Running
Jan 20 16:54:02 0
Jan 20 16:54:02 Apache is Listening
Jan 20 16:54:02 Mysql is Listening
Jan 20 16:54:02 errorcount is: 0
Jan 20 16:54:02 Percent of memory used: 41.000
Jan 20 16:54:02 Disk space capacity: 27%.
Jan 20 16:55:01 4
Jan 20 16:55:01 Apache process is Running
Jan 20 16:55:01 1
Jan 20 16:55:01 Mysql process is Running
Jan 20 16:55:01 0
Jan 20 16:55:01 Apache is Listening
Jan 20 16:55:01 Mysql is Listening
Jan 20 16:55:01 errorcount is: 0
Jan 20 16:55:02 Percent of memory used: 40.900
Jan 20 16:55:02 Disk space capacity: 27%.
